MIF/HEX Update report for MIPS
Wed May 30 10:33:54 2018
Quartus II 32-bit Version 12.1 Build 177 11/07/2012 SJ Web Edition


---------------------
; Table of Contents ;
---------------------
  1. Legal Notice
  2. MIF/HEX Update Summary
  3. MIF/HEX Update Processed Files
  4. MIF/HEX Update Messages



----------------
; Legal Notice ;
----------------
Copyright (C) 1991-2012 Altera Corporation
Your use of Altera Corporation's design tools, logic functions 
and other software and tools, and its AMPP partner logic 
functions, and any output files from any of the foregoing 
(including device programming or simulation files), and any 
associated documentation or information are expressly subject 
to the terms and conditions of the Altera Program License 
Subscription Agreement, Altera MegaCore Function License 
Agreement, or other applicable license agreement, including, 
without limitation, that your use is for the sole purpose of 
programming logic devices manufactured by Altera and sold by 
Altera or its authorized distributors.  Please refer to the 
applicable agreement for further details.



+---------------------------------------------------------------+
; MIF/HEX Update Summary                                        ;
+-----------------------+---------------------------------------+
; MIF/HEX Update Status ; Successful - Wed May 30 10:33:54 2018 ;
; Revision Name         ; MIPS                                  ;
; Top-level Entity Name ; MIPS                                  ;
; Family                ; Cyclone II                            ;
; Device                ; EP2C20F484C7                          ;
+-----------------------+---------------------------------------+


+-----------------------------------------------------------------------+
; MIF/HEX Update Processed Files                                        ;
+-----------------------------------------------------------------------+
; File Name                                                             ;
+-----------------------------------------------------------------------+
; C:/Users/MaorA/Desktop/CPU/LAB3/LABDOC/Lab3-1/ex9/quartus/dmemory.hex ;
; C:/Users/MaorA/Desktop/CPU/LAB3/LABDOC/Lab3-1/ex9/quartus/program.hex ;
+-----------------------------------------------------------------------+


+-------------------------+
; MIF/HEX Update Messages ;
+-------------------------+
Info: *******************************************************************
Info: Running Quartus II 32-bit MIF/HEX Update
    Info: Version 12.1 Build 177 11/07/2012 SJ Web Edition
    Info: Processing started: Wed May 30 10:33:53 2018
Info: Command: quartus_cdb MIPS -c MIPS --update_mif
Warning (113007): Byte addressed memory initialization file "program.hex" was read in the word-addressed format
Critical Warning (127005): Memory depth (256) in the design file differs from memory depth (97) in the Memory Initialization File "C:/Users/MaorA/Desktop/CPU/LAB3/LABDOC/Lab3-1/ex9/quartus/program.hex" -- setting initial value for remaining addresses to 0
Warning (113007): Byte addressed memory initialization file "dmemory.hex" was read in the word-addressed format
Critical Warning (127004): Memory depth (256) in the design file differs from memory depth (4093) in the Memory Initialization File "C:/Users/MaorA/Desktop/CPU/LAB3/LABDOC/Lab3-1/ex9/quartus/dmemory.hex" -- truncated remaining initial content value to fit RAM
Info (39024): Processed the following Memory Initialization File(s)
    Info (39025): Processed Memory Initialization File C:/Users/MaorA/Desktop/CPU/LAB3/LABDOC/Lab3-1/ex9/quartus/dmemory.hex
    Info (39025): Processed Memory Initialization File C:/Users/MaorA/Desktop/CPU/LAB3/LABDOC/Lab3-1/ex9/quartus/program.hex
Info: Quartus II 32-bit MIF/HEX Update was successful. 0 errors, 4 warnings
    Info: Peak virtual memory: 429 megabytes
    Info: Processing ended: Wed May 30 10:33:54 2018
    Info: Elapsed time: 00:00:01
    Info: Total CPU time (on all processors): 00:00:01


