EDA Netlist Writer report for MIPS
Wed May 30 12:08:58 2018
Quartus II 32-bit Version 12.1 Build 177 11/07/2012 SJ Web Edition


---------------------
; Table of Contents ;
---------------------
  1. Legal Notice
  2. EDA Netlist Writer Summary
  3. Simulation Settings
  4. Simulation Generated Files
  5. EDA Netlist Writer Messages



----------------
; Legal Notice ;
----------------
Copyright (C) 1991-2012 Altera Corporation
Your use of Altera Corporation's design tools, logic functions 
and other software and tools, and its AMPP partner logic 
functions, and any output files from any of the foregoing 
(including device programming or simulation files), and any 
associated documentation or information are expressly subject 
to the terms and conditions of the Altera Program License 
Subscription Agreement, Altera MegaCore Function License 
Agreement, or other applicable license agreement, including, 
without limitation, that your use is for the sole purpose of 
programming logic devices manufactured by Altera and sold by 
Altera or its authorized distributors.  Please refer to the 
applicable agreement for further details.



+-------------------------------------------------------------------+
; EDA Netlist Writer Summary                                        ;
+---------------------------+---------------------------------------+
; EDA Netlist Writer Status ; Successful - Wed May 30 12:08:58 2018 ;
; Revision Name             ; MIPS                                  ;
; Top-level Entity Name     ; MIPS                                  ;
; Family                    ; Cyclone II                            ;
; Simulation Files Creation ; Successful                            ;
+---------------------------+---------------------------------------+


+----------------------------------------------------------------------------------------------------------------------------+
; Simulation Settings                                                                                                        ;
+---------------------------------------------------------------------------------------------------+------------------------+
; Option                                                                                            ; Setting                ;
+---------------------------------------------------------------------------------------------------+------------------------+
; Tool Name                                                                                         ; ModelSim-Altera (VHDL) ;
; Generate netlist for functional simulation only                                                   ; Off                    ;
; Time scale                                                                                        ; 1 ps                   ;
; Truncate long hierarchy paths                                                                     ; Off                    ;
; Map illegal HDL characters                                                                        ; Off                    ;
; Flatten buses into individual nodes                                                               ; Off                    ;
; Maintain hierarchy                                                                                ; Off                    ;
; Bring out device-wide set/reset signals as ports                                                  ; Off                    ;
; Enable glitch filtering                                                                           ; Off                    ;
; Do not write top level VHDL entity                                                                ; Off                    ;
; Disable detection of setup and hold time violations in the input registers of bi-directional pins ; Off                    ;
; Architecture name in VHDL output netlist                                                          ; structure              ;
; Generate third-party EDA tool command script for RTL functional simulation                        ; Off                    ;
; Generate third-party EDA tool command script for gate-level simulation                            ; Off                    ;
+---------------------------------------------------------------------------------------------------+------------------------+


+--------------------------------------------------------------------------------------------------+
; Simulation Generated Files                                                                       ;
+--------------------------------------------------------------------------------------------------+
; Generated Files                                                                                  ;
+--------------------------------------------------------------------------------------------------+
; C:/Users/MaorA/Desktop/204654891_318550746/QUARTUS/quartus/simulation/modelsim/MIPS.vho          ;
; C:/Users/MaorA/Desktop/204654891_318550746/QUARTUS/quartus/simulation/modelsim/MIPS_fast.vho     ;
; C:/Users/MaorA/Desktop/204654891_318550746/QUARTUS/quartus/simulation/modelsim/MIPS_vhd.sdo      ;
; C:/Users/MaorA/Desktop/204654891_318550746/QUARTUS/quartus/simulation/modelsim/MIPS_vhd_fast.sdo ;
+--------------------------------------------------------------------------------------------------+


+-----------------------------+
; EDA Netlist Writer Messages ;
+-----------------------------+
Info: *******************************************************************
Info: Running Quartus II 32-bit EDA Netlist Writer
    Info: Version 12.1 Build 177 11/07/2012 SJ Web Edition
    Info: Processing started: Wed May 30 12:08:55 2018
Info: Command: quartus_eda --read_settings_files=off --write_settings_files=off MIPS -c MIPS
Critical Warning (138069): Setting INCREMENTAL_COMPILATION to "OFF" is no longer supported. Assignment is ignored. To disable partitions, set the IGNORE_PARTITIONS global assignment to "ON" instead.
Info (204026): Generated files "MIPS.vho", "MIPS_fast.vho", "MIPS_vhd.sdo" and "MIPS_vhd_fast.sdo" in directory "C:/Users/MaorA/Desktop/204654891_318550746/QUARTUS/quartus/simulation/modelsim/" for EDA simulation tool
Info: Quartus II 32-bit EDA Netlist Writer was successful. 0 errors, 1 warning
    Info: Peak virtual memory: 386 megabytes
    Info: Processing ended: Wed May 30 12:08:58 2018
    Info: Elapsed time: 00:00:03
    Info: Total CPU time (on all processors): 00:00:03


