TimeQuest Timing Analyzer report for Counter
Sun May 06 14:04:44 2018
Quartus II 64-Bit Version 12.1 Build 177 11/07/2012 SJ Web Edition


---------------------
; Table of Contents ;
---------------------
  1. Legal Notice
  2. TimeQuest Timing Analyzer Summary
  3. Parallel Compilation
  4. SDC File List
  5. Clocks
  6. Slow Model Fmax Summary
  7. Slow Model Setup Summary
  8. Slow Model Hold Summary
  9. Slow Model Recovery Summary
 10. Slow Model Removal Summary
 11. Slow Model Minimum Pulse Width Summary
 12. Slow Model Setup: 'clk'
 13. Slow Model Hold: 'clk'
 14. Slow Model Minimum Pulse Width: 'clk'
 15. Setup Times
 16. Hold Times
 17. Clock to Output Times
 18. Minimum Clock to Output Times
 19. Fast Model Setup Summary
 20. Fast Model Hold Summary
 21. Fast Model Recovery Summary
 22. Fast Model Removal Summary
 23. Fast Model Minimum Pulse Width Summary
 24. Fast Model Setup: 'clk'
 25. Fast Model Hold: 'clk'
 26. Fast Model Minimum Pulse Width: 'clk'
 27. Setup Times
 28. Hold Times
 29. Clock to Output Times
 30. Minimum Clock to Output Times
 31. Multicorner Timing Analysis Summary
 32. Setup Times
 33. Hold Times
 34. Clock to Output Times
 35. Minimum Clock to Output Times
 36. Setup Transfers
 37. Hold Transfers
 38. Report TCCS
 39. Report RSKM
 40. Unconstrained Paths
 41. TimeQuest Timing Analyzer Messages



----------------
; Legal Notice ;
----------------
Copyright (C) 1991-2012 Altera Corporation
Your use of Altera Corporation's design tools, logic functions 
and other software and tools, and its AMPP partner logic 
functions, and any output files from any of the foregoing 
(including device programming or simulation files), and any 
associated documentation or information are expressly subject 
to the terms and conditions of the Altera Program License 
Subscription Agreement, Altera MegaCore Function License 
Agreement, or other applicable license agreement, including, 
without limitation, that your use is for the sole purpose of 
programming logic devices manufactured by Altera and sold by 
Altera or its authorized distributors.  Please refer to the 
applicable agreement for further details.



+-----------------------------------------------------------------------+
; TimeQuest Timing Analyzer Summary                                     ;
+--------------------+--------------------------------------------------+
; Quartus II Version ; Version 12.1 Build 177 11/07/2012 SJ Web Edition ;
; Revision Name      ; Counter                                          ;
; Device Family      ; Cyclone II                                       ;
; Device Name        ; EP2C20F484C7                                     ;
; Timing Models      ; Final                                            ;
; Delay Model        ; Combined                                         ;
; Rise/Fall Delays   ; Unavailable                                      ;
+--------------------+--------------------------------------------------+


+------------------------------------------+
; Parallel Compilation                     ;
+----------------------------+-------------+
; Processors                 ; Number      ;
+----------------------------+-------------+
; Number detected on machine ; 4           ;
; Maximum allowed            ; 2           ;
;                            ;             ;
; Average used               ; 1.00        ;
; Maximum used               ; 1           ;
;                            ;             ;
; Usage by Processor         ; % Time Used ;
;     1 processor            ; 100.0%      ;
;     2-4 processors         ;   0.0%      ;
+----------------------------+-------------+


+---------------------------------------------------+
; SDC File List                                     ;
+---------------+--------+--------------------------+
; SDC File Path ; Status ; Read at                  ;
+---------------+--------+--------------------------+
; SDC1.sdc      ; OK     ; Sun May 06 14:04:43 2018 ;
+---------------+--------+--------------------------+


+---------------------------------------------------------------------------------------------------------------------------------------------------------------------------------+
; Clocks                                                                                                                                                                          ;
+------------+------+--------+------------+-------+-------+------------+-----------+-------------+-------+--------+-----------+------------+----------+--------+--------+---------+
; Clock Name ; Type ; Period ; Frequency  ; Rise  ; Fall  ; Duty Cycle ; Divide by ; Multiply by ; Phase ; Offset ; Edge List ; Edge Shift ; Inverted ; Master ; Source ; Targets ;
+------------+------+--------+------------+-------+-------+------------+-----------+-------------+-------+--------+-----------+------------+----------+--------+--------+---------+
; clk        ; Base ; 1.000  ; 1000.0 MHz ; 0.000 ; 0.500 ;            ;           ;             ;       ;        ;           ;            ;          ;        ;        ; { clk } ;
+------------+------+--------+------------+-------+-------+------------+-----------+-------------+-------+--------+-----------+------------+----------+--------+--------+---------+


+--------------------------------------------------+
; Slow Model Fmax Summary                          ;
+------------+-----------------+------------+------+
; Fmax       ; Restricted Fmax ; Clock Name ; Note ;
+------------+-----------------+------------+------+
; 222.52 MHz ; 222.52 MHz      ; clk        ;      ;
+------------+-----------------+------------+------+
This panel reports FMAX for every clock in the design, regardless of the user-specified clock periods.  FMAX is only computed for paths where the source and destination registers or ports are driven by the same clock.  Paths of different clocks, including generated clocks, are ignored.  For paths between a clock and its inversion, FMAX is computed as if the rising and falling edges are scaled along with FMAX, such that the duty cycle (in terms of a percentage) is maintained. Altera recommends that you always use clock constraints and other slack reports for sign-off analysis.


+--------------------------------+
; Slow Model Setup Summary       ;
+-------+--------+---------------+
; Clock ; Slack  ; End Point TNS ;
+-------+--------+---------------+
; clk   ; -3.494 ; -66.758       ;
+-------+--------+---------------+


+-------------------------------+
; Slow Model Hold Summary       ;
+-------+-------+---------------+
; Clock ; Slack ; End Point TNS ;
+-------+-------+---------------+
; clk   ; 0.445 ; 0.000         ;
+-------+-------+---------------+


-------------------------------
; Slow Model Recovery Summary ;
-------------------------------
No paths to report.


------------------------------
; Slow Model Removal Summary ;
------------------------------
No paths to report.


+----------------------------------------+
; Slow Model Minimum Pulse Width Summary ;
+-------+--------+-----------------------+
; Clock ; Slack  ; End Point TNS         ;
+-------+--------+-----------------------+
; clk   ; -1.631 ; -40.735               ;
+-------+--------+-----------------------+


+------------------------------------------------------------------------------------------------------+
; Slow Model Setup: 'clk'                                                                              ;
+--------+-----------+-----------+--------------+-------------+--------------+------------+------------+
; Slack  ; From Node ; To Node   ; Launch Clock ; Latch Clock ; Relationship ; Clock Skew ; Data Delay ;
+--------+-----------+-----------+--------------+-------------+--------------+------------+------------+
; -3.494 ; q_int[1]  ; q_int[31] ; clk          ; clk         ; 1.000        ; 0.002      ; 4.534      ;
; -3.414 ; q_int[1]  ; q_int[30] ; clk          ; clk         ; 1.000        ; 0.002      ; 4.454      ;
; -3.334 ; q_int[1]  ; q_int[29] ; clk          ; clk         ; 1.000        ; 0.002      ; 4.374      ;
; -3.254 ; q_int[1]  ; q_int[28] ; clk          ; clk         ; 1.000        ; 0.002      ; 4.294      ;
; -3.227 ; q_int[0]  ; q_int[31] ; clk          ; clk         ; 1.000        ; 0.002      ; 4.267      ;
; -3.174 ; q_int[1]  ; q_int[27] ; clk          ; clk         ; 1.000        ; 0.002      ; 4.214      ;
; -3.155 ; q_int[2]  ; q_int[31] ; clk          ; clk         ; 1.000        ; 0.002      ; 4.195      ;
; -3.147 ; q_int[0]  ; q_int[30] ; clk          ; clk         ; 1.000        ; 0.002      ; 4.187      ;
; -3.112 ; q_int[3]  ; q_int[31] ; clk          ; clk         ; 1.000        ; 0.002      ; 4.152      ;
; -3.094 ; q_int[1]  ; q_int[26] ; clk          ; clk         ; 1.000        ; 0.002      ; 4.134      ;
; -3.075 ; q_int[2]  ; q_int[30] ; clk          ; clk         ; 1.000        ; 0.002      ; 4.115      ;
; -3.067 ; q_int[0]  ; q_int[29] ; clk          ; clk         ; 1.000        ; 0.002      ; 4.107      ;
; -3.054 ; q_int[6]  ; q_int[31] ; clk          ; clk         ; 1.000        ; 0.002      ; 4.094      ;
; -3.032 ; q_int[3]  ; q_int[30] ; clk          ; clk         ; 1.000        ; 0.002      ; 4.072      ;
; -3.014 ; q_int[1]  ; q_int[25] ; clk          ; clk         ; 1.000        ; 0.002      ; 4.054      ;
; -2.996 ; q_int[4]  ; q_int[31] ; clk          ; clk         ; 1.000        ; 0.002      ; 4.036      ;
; -2.995 ; q_int[2]  ; q_int[29] ; clk          ; clk         ; 1.000        ; 0.002      ; 4.035      ;
; -2.987 ; q_int[0]  ; q_int[28] ; clk          ; clk         ; 1.000        ; 0.002      ; 4.027      ;
; -2.974 ; q_int[6]  ; q_int[30] ; clk          ; clk         ; 1.000        ; 0.002      ; 4.014      ;
; -2.952 ; q_int[5]  ; q_int[31] ; clk          ; clk         ; 1.000        ; 0.002      ; 3.992      ;
; -2.952 ; q_int[3]  ; q_int[29] ; clk          ; clk         ; 1.000        ; 0.002      ; 3.992      ;
; -2.934 ; q_int[1]  ; q_int[24] ; clk          ; clk         ; 1.000        ; 0.002      ; 3.974      ;
; -2.916 ; q_int[4]  ; q_int[30] ; clk          ; clk         ; 1.000        ; 0.002      ; 3.956      ;
; -2.915 ; q_int[2]  ; q_int[28] ; clk          ; clk         ; 1.000        ; 0.002      ; 3.955      ;
; -2.907 ; q_int[0]  ; q_int[27] ; clk          ; clk         ; 1.000        ; 0.002      ; 3.947      ;
; -2.894 ; q_int[6]  ; q_int[29] ; clk          ; clk         ; 1.000        ; 0.002      ; 3.934      ;
; -2.872 ; q_int[5]  ; q_int[30] ; clk          ; clk         ; 1.000        ; 0.002      ; 3.912      ;
; -2.872 ; q_int[3]  ; q_int[28] ; clk          ; clk         ; 1.000        ; 0.002      ; 3.912      ;
; -2.836 ; q_int[4]  ; q_int[29] ; clk          ; clk         ; 1.000        ; 0.002      ; 3.876      ;
; -2.835 ; q_int[2]  ; q_int[27] ; clk          ; clk         ; 1.000        ; 0.002      ; 3.875      ;
; -2.827 ; q_int[0]  ; q_int[26] ; clk          ; clk         ; 1.000        ; 0.002      ; 3.867      ;
; -2.814 ; q_int[6]  ; q_int[28] ; clk          ; clk         ; 1.000        ; 0.002      ; 3.854      ;
; -2.800 ; q_int[8]  ; q_int[31] ; clk          ; clk         ; 1.000        ; 0.002      ; 3.840      ;
; -2.792 ; q_int[5]  ; q_int[29] ; clk          ; clk         ; 1.000        ; 0.002      ; 3.832      ;
; -2.792 ; q_int[3]  ; q_int[27] ; clk          ; clk         ; 1.000        ; 0.002      ; 3.832      ;
; -2.763 ; q_int[7]  ; q_int[31] ; clk          ; clk         ; 1.000        ; 0.002      ; 3.803      ;
; -2.760 ; q_int[1]  ; q_int[23] ; clk          ; clk         ; 1.000        ; 0.002      ; 3.800      ;
; -2.756 ; q_int[4]  ; q_int[28] ; clk          ; clk         ; 1.000        ; 0.002      ; 3.796      ;
; -2.755 ; q_int[2]  ; q_int[26] ; clk          ; clk         ; 1.000        ; 0.002      ; 3.795      ;
; -2.747 ; q_int[0]  ; q_int[25] ; clk          ; clk         ; 1.000        ; 0.002      ; 3.787      ;
; -2.734 ; q_int[6]  ; q_int[27] ; clk          ; clk         ; 1.000        ; 0.002      ; 3.774      ;
; -2.720 ; q_int[8]  ; q_int[30] ; clk          ; clk         ; 1.000        ; 0.002      ; 3.760      ;
; -2.712 ; q_int[5]  ; q_int[28] ; clk          ; clk         ; 1.000        ; 0.002      ; 3.752      ;
; -2.712 ; q_int[3]  ; q_int[26] ; clk          ; clk         ; 1.000        ; 0.002      ; 3.752      ;
; -2.683 ; q_int[7]  ; q_int[30] ; clk          ; clk         ; 1.000        ; 0.002      ; 3.723      ;
; -2.680 ; q_int[1]  ; q_int[22] ; clk          ; clk         ; 1.000        ; 0.002      ; 3.720      ;
; -2.676 ; q_int[4]  ; q_int[27] ; clk          ; clk         ; 1.000        ; 0.002      ; 3.716      ;
; -2.675 ; q_int[2]  ; q_int[25] ; clk          ; clk         ; 1.000        ; 0.002      ; 3.715      ;
; -2.667 ; q_int[0]  ; q_int[24] ; clk          ; clk         ; 1.000        ; 0.002      ; 3.707      ;
; -2.654 ; q_int[6]  ; q_int[26] ; clk          ; clk         ; 1.000        ; 0.002      ; 3.694      ;
; -2.640 ; q_int[8]  ; q_int[29] ; clk          ; clk         ; 1.000        ; 0.002      ; 3.680      ;
; -2.639 ; q_int[10] ; q_int[31] ; clk          ; clk         ; 1.000        ; 0.002      ; 3.679      ;
; -2.632 ; q_int[5]  ; q_int[27] ; clk          ; clk         ; 1.000        ; 0.002      ; 3.672      ;
; -2.632 ; q_int[3]  ; q_int[25] ; clk          ; clk         ; 1.000        ; 0.002      ; 3.672      ;
; -2.603 ; q_int[7]  ; q_int[29] ; clk          ; clk         ; 1.000        ; 0.002      ; 3.643      ;
; -2.600 ; q_int[1]  ; q_int[21] ; clk          ; clk         ; 1.000        ; 0.002      ; 3.640      ;
; -2.596 ; q_int[4]  ; q_int[26] ; clk          ; clk         ; 1.000        ; 0.002      ; 3.636      ;
; -2.595 ; q_int[2]  ; q_int[24] ; clk          ; clk         ; 1.000        ; 0.002      ; 3.635      ;
; -2.574 ; q_int[6]  ; q_int[25] ; clk          ; clk         ; 1.000        ; 0.002      ; 3.614      ;
; -2.560 ; q_int[8]  ; q_int[28] ; clk          ; clk         ; 1.000        ; 0.002      ; 3.600      ;
; -2.559 ; q_int[10] ; q_int[30] ; clk          ; clk         ; 1.000        ; 0.002      ; 3.599      ;
; -2.552 ; q_int[5]  ; q_int[26] ; clk          ; clk         ; 1.000        ; 0.002      ; 3.592      ;
; -2.552 ; q_int[3]  ; q_int[24] ; clk          ; clk         ; 1.000        ; 0.002      ; 3.592      ;
; -2.523 ; q_int[7]  ; q_int[28] ; clk          ; clk         ; 1.000        ; 0.002      ; 3.563      ;
; -2.520 ; q_int[1]  ; q_int[20] ; clk          ; clk         ; 1.000        ; 0.002      ; 3.560      ;
; -2.516 ; q_int[4]  ; q_int[25] ; clk          ; clk         ; 1.000        ; 0.002      ; 3.556      ;
; -2.497 ; q_int[9]  ; q_int[31] ; clk          ; clk         ; 1.000        ; 0.002      ; 3.537      ;
; -2.494 ; q_int[6]  ; q_int[24] ; clk          ; clk         ; 1.000        ; 0.002      ; 3.534      ;
; -2.493 ; q_int[0]  ; q_int[23] ; clk          ; clk         ; 1.000        ; 0.002      ; 3.533      ;
; -2.480 ; q_int[12] ; q_int[31] ; clk          ; clk         ; 1.000        ; 0.002      ; 3.520      ;
; -2.480 ; q_int[8]  ; q_int[27] ; clk          ; clk         ; 1.000        ; 0.002      ; 3.520      ;
; -2.479 ; q_int[10] ; q_int[29] ; clk          ; clk         ; 1.000        ; 0.002      ; 3.519      ;
; -2.472 ; q_int[5]  ; q_int[25] ; clk          ; clk         ; 1.000        ; 0.002      ; 3.512      ;
; -2.443 ; q_int[7]  ; q_int[27] ; clk          ; clk         ; 1.000        ; 0.002      ; 3.483      ;
; -2.440 ; q_int[1]  ; q_int[19] ; clk          ; clk         ; 1.000        ; 0.002      ; 3.480      ;
; -2.436 ; q_int[4]  ; q_int[24] ; clk          ; clk         ; 1.000        ; 0.002      ; 3.476      ;
; -2.421 ; q_int[2]  ; q_int[23] ; clk          ; clk         ; 1.000        ; 0.002      ; 3.461      ;
; -2.417 ; q_int[9]  ; q_int[30] ; clk          ; clk         ; 1.000        ; 0.002      ; 3.457      ;
; -2.413 ; q_int[0]  ; q_int[22] ; clk          ; clk         ; 1.000        ; 0.002      ; 3.453      ;
; -2.400 ; q_int[12] ; q_int[30] ; clk          ; clk         ; 1.000        ; 0.002      ; 3.440      ;
; -2.400 ; q_int[8]  ; q_int[26] ; clk          ; clk         ; 1.000        ; 0.002      ; 3.440      ;
; -2.399 ; q_int[10] ; q_int[28] ; clk          ; clk         ; 1.000        ; 0.002      ; 3.439      ;
; -2.392 ; q_int[5]  ; q_int[24] ; clk          ; clk         ; 1.000        ; 0.002      ; 3.432      ;
; -2.378 ; q_int[3]  ; q_int[23] ; clk          ; clk         ; 1.000        ; 0.002      ; 3.418      ;
; -2.363 ; q_int[7]  ; q_int[26] ; clk          ; clk         ; 1.000        ; 0.002      ; 3.403      ;
; -2.360 ; q_int[1]  ; q_int[18] ; clk          ; clk         ; 1.000        ; 0.002      ; 3.400      ;
; -2.341 ; q_int[2]  ; q_int[22] ; clk          ; clk         ; 1.000        ; 0.002      ; 3.381      ;
; -2.337 ; q_int[11] ; q_int[31] ; clk          ; clk         ; 1.000        ; 0.002      ; 3.377      ;
; -2.337 ; q_int[9]  ; q_int[29] ; clk          ; clk         ; 1.000        ; 0.002      ; 3.377      ;
; -2.333 ; q_int[0]  ; q_int[21] ; clk          ; clk         ; 1.000        ; 0.002      ; 3.373      ;
; -2.320 ; q_int[12] ; q_int[29] ; clk          ; clk         ; 1.000        ; 0.002      ; 3.360      ;
; -2.320 ; q_int[8]  ; q_int[25] ; clk          ; clk         ; 1.000        ; 0.002      ; 3.360      ;
; -2.320 ; q_int[6]  ; q_int[23] ; clk          ; clk         ; 1.000        ; 0.002      ; 3.360      ;
; -2.319 ; q_int[10] ; q_int[27] ; clk          ; clk         ; 1.000        ; 0.002      ; 3.359      ;
; -2.298 ; q_int[3]  ; q_int[22] ; clk          ; clk         ; 1.000        ; 0.002      ; 3.338      ;
; -2.283 ; q_int[7]  ; q_int[25] ; clk          ; clk         ; 1.000        ; 0.002      ; 3.323      ;
; -2.280 ; q_int[1]  ; q_int[17] ; clk          ; clk         ; 1.000        ; 0.002      ; 3.320      ;
; -2.262 ; q_int[4]  ; q_int[23] ; clk          ; clk         ; 1.000        ; 0.002      ; 3.302      ;
; -2.261 ; q_int[2]  ; q_int[21] ; clk          ; clk         ; 1.000        ; 0.002      ; 3.301      ;
; -2.257 ; q_int[11] ; q_int[30] ; clk          ; clk         ; 1.000        ; 0.002      ; 3.297      ;
+--------+-----------+-----------+--------------+-------------+--------------+------------+------------+


+-----------------------------------------------------------------------------------------------------+
; Slow Model Hold: 'clk'                                                                              ;
+-------+-----------+-----------+--------------+-------------+--------------+------------+------------+
; Slack ; From Node ; To Node   ; Launch Clock ; Latch Clock ; Relationship ; Clock Skew ; Data Delay ;
+-------+-----------+-----------+--------------+-------------+--------------+------------+------------+
; 0.445 ; q_int[0]  ; q_int[0]  ; clk          ; clk         ; 0.000        ; 0.000      ; 0.731      ;
; 0.629 ; q_int[31] ; q_int[31] ; clk          ; clk         ; 0.000        ; 0.000      ; 0.915      ;
; 0.960 ; q_int[0]  ; q_int[1]  ; clk          ; clk         ; 0.000        ; 0.000      ; 1.246      ;
; 0.960 ; q_int[16] ; q_int[16] ; clk          ; clk         ; 0.000        ; 0.000      ; 1.246      ;
; 0.964 ; q_int[9]  ; q_int[9]  ; clk          ; clk         ; 0.000        ; 0.000      ; 1.250      ;
; 0.964 ; q_int[11] ; q_int[11] ; clk          ; clk         ; 0.000        ; 0.000      ; 1.250      ;
; 0.967 ; q_int[17] ; q_int[17] ; clk          ; clk         ; 0.000        ; 0.000      ; 1.253      ;
; 0.968 ; q_int[2]  ; q_int[2]  ; clk          ; clk         ; 0.000        ; 0.000      ; 1.254      ;
; 0.968 ; q_int[18] ; q_int[18] ; clk          ; clk         ; 0.000        ; 0.000      ; 1.254      ;
; 0.969 ; q_int[4]  ; q_int[4]  ; clk          ; clk         ; 0.000        ; 0.000      ; 1.255      ;
; 0.969 ; q_int[7]  ; q_int[7]  ; clk          ; clk         ; 0.000        ; 0.000      ; 1.255      ;
; 0.969 ; q_int[13] ; q_int[13] ; clk          ; clk         ; 0.000        ; 0.000      ; 1.255      ;
; 0.969 ; q_int[14] ; q_int[14] ; clk          ; clk         ; 0.000        ; 0.000      ; 1.255      ;
; 0.969 ; q_int[15] ; q_int[15] ; clk          ; clk         ; 0.000        ; 0.000      ; 1.255      ;
; 0.969 ; q_int[20] ; q_int[20] ; clk          ; clk         ; 0.000        ; 0.000      ; 1.255      ;
; 0.969 ; q_int[23] ; q_int[23] ; clk          ; clk         ; 0.000        ; 0.000      ; 1.255      ;
; 0.977 ; q_int[27] ; q_int[27] ; clk          ; clk         ; 0.000        ; 0.000      ; 1.263      ;
; 0.977 ; q_int[29] ; q_int[29] ; clk          ; clk         ; 0.000        ; 0.000      ; 1.263      ;
; 0.985 ; q_int[25] ; q_int[25] ; clk          ; clk         ; 0.000        ; 0.000      ; 1.271      ;
; 0.986 ; q_int[30] ; q_int[30] ; clk          ; clk         ; 0.000        ; 0.000      ; 1.272      ;
; 1.004 ; q_int[3]  ; q_int[3]  ; clk          ; clk         ; 0.000        ; 0.000      ; 1.290      ;
; 1.004 ; q_int[5]  ; q_int[5]  ; clk          ; clk         ; 0.000        ; 0.000      ; 1.290      ;
; 1.008 ; q_int[19] ; q_int[19] ; clk          ; clk         ; 0.000        ; 0.000      ; 1.294      ;
; 1.008 ; q_int[21] ; q_int[21] ; clk          ; clk         ; 0.000        ; 0.000      ; 1.294      ;
; 1.008 ; q_int[22] ; q_int[22] ; clk          ; clk         ; 0.000        ; 0.000      ; 1.294      ;
; 1.015 ; q_int[24] ; q_int[24] ; clk          ; clk         ; 0.000        ; 0.000      ; 1.301      ;
; 1.016 ; q_int[26] ; q_int[26] ; clk          ; clk         ; 0.000        ; 0.000      ; 1.302      ;
; 1.025 ; q_int[28] ; q_int[28] ; clk          ; clk         ; 0.000        ; 0.000      ; 1.311      ;
; 1.186 ; q_int[10] ; q_int[10] ; clk          ; clk         ; 0.000        ; 0.000      ; 1.472      ;
; 1.187 ; q_int[6]  ; q_int[6]  ; clk          ; clk         ; 0.000        ; 0.000      ; 1.473      ;
; 1.187 ; q_int[8]  ; q_int[8]  ; clk          ; clk         ; 0.000        ; 0.000      ; 1.473      ;
; 1.187 ; q_int[12] ; q_int[12] ; clk          ; clk         ; 0.000        ; 0.000      ; 1.473      ;
; 1.228 ; q_int[1]  ; q_int[1]  ; clk          ; clk         ; 0.000        ; 0.000      ; 1.514      ;
; 1.392 ; q_int[16] ; q_int[17] ; clk          ; clk         ; 0.000        ; 0.000      ; 1.678      ;
; 1.392 ; q_int[0]  ; q_int[2]  ; clk          ; clk         ; 0.000        ; 0.000      ; 1.678      ;
; 1.396 ; q_int[9]  ; q_int[10] ; clk          ; clk         ; 0.000        ; 0.000      ; 1.682      ;
; 1.396 ; q_int[11] ; q_int[12] ; clk          ; clk         ; 0.000        ; 0.000      ; 1.682      ;
; 1.399 ; q_int[17] ; q_int[18] ; clk          ; clk         ; 0.000        ; 0.000      ; 1.685      ;
; 1.400 ; q_int[2]  ; q_int[3]  ; clk          ; clk         ; 0.000        ; 0.000      ; 1.686      ;
; 1.400 ; q_int[18] ; q_int[19] ; clk          ; clk         ; 0.000        ; 0.000      ; 1.686      ;
; 1.401 ; q_int[13] ; q_int[14] ; clk          ; clk         ; 0.000        ; 0.000      ; 1.687      ;
; 1.401 ; q_int[14] ; q_int[15] ; clk          ; clk         ; 0.000        ; 0.000      ; 1.687      ;
; 1.401 ; q_int[4]  ; q_int[5]  ; clk          ; clk         ; 0.000        ; 0.000      ; 1.687      ;
; 1.401 ; q_int[20] ; q_int[21] ; clk          ; clk         ; 0.000        ; 0.000      ; 1.687      ;
; 1.409 ; q_int[29] ; q_int[30] ; clk          ; clk         ; 0.000        ; 0.000      ; 1.695      ;
; 1.409 ; q_int[27] ; q_int[28] ; clk          ; clk         ; 0.000        ; 0.000      ; 1.695      ;
; 1.417 ; q_int[25] ; q_int[26] ; clk          ; clk         ; 0.000        ; 0.000      ; 1.703      ;
; 1.418 ; q_int[30] ; q_int[31] ; clk          ; clk         ; 0.000        ; 0.000      ; 1.704      ;
; 1.437 ; q_int[3]  ; q_int[4]  ; clk          ; clk         ; 0.000        ; 0.000      ; 1.723      ;
; 1.437 ; q_int[5]  ; q_int[6]  ; clk          ; clk         ; 0.000        ; 0.000      ; 1.723      ;
; 1.441 ; q_int[19] ; q_int[20] ; clk          ; clk         ; 0.000        ; 0.000      ; 1.727      ;
; 1.441 ; q_int[22] ; q_int[23] ; clk          ; clk         ; 0.000        ; 0.000      ; 1.727      ;
; 1.441 ; q_int[21] ; q_int[22] ; clk          ; clk         ; 0.000        ; 0.000      ; 1.727      ;
; 1.448 ; q_int[24] ; q_int[25] ; clk          ; clk         ; 0.000        ; 0.000      ; 1.734      ;
; 1.449 ; q_int[26] ; q_int[27] ; clk          ; clk         ; 0.000        ; 0.000      ; 1.735      ;
; 1.458 ; q_int[28] ; q_int[29] ; clk          ; clk         ; 0.000        ; 0.000      ; 1.744      ;
; 1.472 ; q_int[16] ; q_int[18] ; clk          ; clk         ; 0.000        ; 0.000      ; 1.758      ;
; 1.472 ; q_int[0]  ; q_int[3]  ; clk          ; clk         ; 0.000        ; 0.000      ; 1.758      ;
; 1.476 ; q_int[9]  ; q_int[11] ; clk          ; clk         ; 0.000        ; 0.000      ; 1.762      ;
; 1.476 ; q_int[11] ; q_int[13] ; clk          ; clk         ; 0.000        ; 0.000      ; 1.762      ;
; 1.479 ; q_int[17] ; q_int[19] ; clk          ; clk         ; 0.000        ; 0.000      ; 1.765      ;
; 1.480 ; q_int[2]  ; q_int[4]  ; clk          ; clk         ; 0.000        ; 0.000      ; 1.766      ;
; 1.480 ; q_int[18] ; q_int[20] ; clk          ; clk         ; 0.000        ; 0.000      ; 1.766      ;
; 1.481 ; q_int[13] ; q_int[15] ; clk          ; clk         ; 0.000        ; 0.000      ; 1.767      ;
; 1.481 ; q_int[4]  ; q_int[6]  ; clk          ; clk         ; 0.000        ; 0.000      ; 1.767      ;
; 1.481 ; q_int[20] ; q_int[22] ; clk          ; clk         ; 0.000        ; 0.000      ; 1.767      ;
; 1.489 ; q_int[29] ; q_int[31] ; clk          ; clk         ; 0.000        ; 0.000      ; 1.775      ;
; 1.489 ; q_int[27] ; q_int[29] ; clk          ; clk         ; 0.000        ; 0.000      ; 1.775      ;
; 1.497 ; q_int[25] ; q_int[27] ; clk          ; clk         ; 0.000        ; 0.000      ; 1.783      ;
; 1.499 ; q_int[15] ; q_int[16] ; clk          ; clk         ; 0.000        ; 0.002      ; 1.787      ;
; 1.502 ; q_int[23] ; q_int[24] ; clk          ; clk         ; 0.000        ; 0.000      ; 1.788      ;
; 1.502 ; q_int[7]  ; q_int[8]  ; clk          ; clk         ; 0.000        ; 0.000      ; 1.788      ;
; 1.517 ; q_int[5]  ; q_int[7]  ; clk          ; clk         ; 0.000        ; 0.000      ; 1.803      ;
; 1.517 ; q_int[3]  ; q_int[5]  ; clk          ; clk         ; 0.000        ; 0.000      ; 1.803      ;
; 1.521 ; q_int[19] ; q_int[21] ; clk          ; clk         ; 0.000        ; 0.000      ; 1.807      ;
; 1.521 ; q_int[21] ; q_int[23] ; clk          ; clk         ; 0.000        ; 0.000      ; 1.807      ;
; 1.528 ; q_int[24] ; q_int[26] ; clk          ; clk         ; 0.000        ; 0.000      ; 1.814      ;
; 1.529 ; q_int[26] ; q_int[28] ; clk          ; clk         ; 0.000        ; 0.000      ; 1.815      ;
; 1.538 ; q_int[28] ; q_int[30] ; clk          ; clk         ; 0.000        ; 0.000      ; 1.824      ;
; 1.552 ; q_int[16] ; q_int[19] ; clk          ; clk         ; 0.000        ; 0.000      ; 1.838      ;
; 1.552 ; q_int[0]  ; q_int[4]  ; clk          ; clk         ; 0.000        ; 0.000      ; 1.838      ;
; 1.556 ; q_int[9]  ; q_int[12] ; clk          ; clk         ; 0.000        ; 0.000      ; 1.842      ;
; 1.556 ; q_int[11] ; q_int[14] ; clk          ; clk         ; 0.000        ; 0.000      ; 1.842      ;
; 1.559 ; q_int[17] ; q_int[20] ; clk          ; clk         ; 0.000        ; 0.000      ; 1.845      ;
; 1.560 ; q_int[14] ; q_int[16] ; clk          ; clk         ; 0.000        ; 0.002      ; 1.848      ;
; 1.560 ; q_int[2]  ; q_int[5]  ; clk          ; clk         ; 0.000        ; 0.000      ; 1.846      ;
; 1.560 ; q_int[18] ; q_int[21] ; clk          ; clk         ; 0.000        ; 0.000      ; 1.846      ;
; 1.561 ; q_int[4]  ; q_int[7]  ; clk          ; clk         ; 0.000        ; 0.000      ; 1.847      ;
; 1.561 ; q_int[20] ; q_int[23] ; clk          ; clk         ; 0.000        ; 0.000      ; 1.847      ;
; 1.569 ; q_int[27] ; q_int[30] ; clk          ; clk         ; 0.000        ; 0.000      ; 1.855      ;
; 1.577 ; q_int[25] ; q_int[28] ; clk          ; clk         ; 0.000        ; 0.000      ; 1.863      ;
; 1.579 ; q_int[15] ; q_int[17] ; clk          ; clk         ; 0.000        ; 0.002      ; 1.867      ;
; 1.582 ; q_int[7]  ; q_int[9]  ; clk          ; clk         ; 0.000        ; 0.000      ; 1.868      ;
; 1.582 ; q_int[23] ; q_int[25] ; clk          ; clk         ; 0.000        ; 0.000      ; 1.868      ;
; 1.597 ; q_int[3]  ; q_int[6]  ; clk          ; clk         ; 0.000        ; 0.000      ; 1.883      ;
; 1.601 ; q_int[19] ; q_int[22] ; clk          ; clk         ; 0.000        ; 0.000      ; 1.887      ;
; 1.608 ; q_int[24] ; q_int[27] ; clk          ; clk         ; 0.000        ; 0.000      ; 1.894      ;
; 1.609 ; q_int[26] ; q_int[29] ; clk          ; clk         ; 0.000        ; 0.000      ; 1.895      ;
; 1.615 ; q_int[22] ; q_int[24] ; clk          ; clk         ; 0.000        ; 0.000      ; 1.901      ;
; 1.618 ; q_int[10] ; q_int[11] ; clk          ; clk         ; 0.000        ; 0.000      ; 1.904      ;
+-------+-----------+-----------+--------------+-------------+--------------+------------+------------+


+-------------------------------------------------------------------------------------------------------+
; Slow Model Minimum Pulse Width: 'clk'                                                                 ;
+--------+--------------+----------------+------------------+-------+------------+----------------------+
; Slack  ; Actual Width ; Required Width ; Type             ; Clock ; Clock Edge ; Target               ;
+--------+--------------+----------------+------------------+-------+------------+----------------------+
; -1.631 ; 1.000        ; 2.631          ; Port Rate        ; clk   ; Rise       ; clk                  ;
; -0.611 ; 0.500        ; 1.111          ; High Pulse Width ; clk   ; Rise       ; q_int[0]             ;
; -0.611 ; 0.500        ; 1.111          ; Low Pulse Width  ; clk   ; Rise       ; q_int[0]             ;
; -0.611 ; 0.500        ; 1.111          ; High Pulse Width ; clk   ; Rise       ; q_int[10]            ;
; -0.611 ; 0.500        ; 1.111          ; Low Pulse Width  ; clk   ; Rise       ; q_int[10]            ;
; -0.611 ; 0.500        ; 1.111          ; High Pulse Width ; clk   ; Rise       ; q_int[11]            ;
; -0.611 ; 0.500        ; 1.111          ; Low Pulse Width  ; clk   ; Rise       ; q_int[11]            ;
; -0.611 ; 0.500        ; 1.111          ; High Pulse Width ; clk   ; Rise       ; q_int[12]            ;
; -0.611 ; 0.500        ; 1.111          ; Low Pulse Width  ; clk   ; Rise       ; q_int[12]            ;
; -0.611 ; 0.500        ; 1.111          ; High Pulse Width ; clk   ; Rise       ; q_int[13]            ;
; -0.611 ; 0.500        ; 1.111          ; Low Pulse Width  ; clk   ; Rise       ; q_int[13]            ;
; -0.611 ; 0.500        ; 1.111          ; High Pulse Width ; clk   ; Rise       ; q_int[14]            ;
; -0.611 ; 0.500        ; 1.111          ; Low Pulse Width  ; clk   ; Rise       ; q_int[14]            ;
; -0.611 ; 0.500        ; 1.111          ; High Pulse Width ; clk   ; Rise       ; q_int[15]            ;
; -0.611 ; 0.500        ; 1.111          ; Low Pulse Width  ; clk   ; Rise       ; q_int[15]            ;
; -0.611 ; 0.500        ; 1.111          ; High Pulse Width ; clk   ; Rise       ; q_int[16]            ;
; -0.611 ; 0.500        ; 1.111          ; Low Pulse Width  ; clk   ; Rise       ; q_int[16]            ;
; -0.611 ; 0.500        ; 1.111          ; High Pulse Width ; clk   ; Rise       ; q_int[17]            ;
; -0.611 ; 0.500        ; 1.111          ; Low Pulse Width  ; clk   ; Rise       ; q_int[17]            ;
; -0.611 ; 0.500        ; 1.111          ; High Pulse Width ; clk   ; Rise       ; q_int[18]            ;
; -0.611 ; 0.500        ; 1.111          ; Low Pulse Width  ; clk   ; Rise       ; q_int[18]            ;
; -0.611 ; 0.500        ; 1.111          ; High Pulse Width ; clk   ; Rise       ; q_int[19]            ;
; -0.611 ; 0.500        ; 1.111          ; Low Pulse Width  ; clk   ; Rise       ; q_int[19]            ;
; -0.611 ; 0.500        ; 1.111          ; High Pulse Width ; clk   ; Rise       ; q_int[1]             ;
; -0.611 ; 0.500        ; 1.111          ; Low Pulse Width  ; clk   ; Rise       ; q_int[1]             ;
; -0.611 ; 0.500        ; 1.111          ; High Pulse Width ; clk   ; Rise       ; q_int[20]            ;
; -0.611 ; 0.500        ; 1.111          ; Low Pulse Width  ; clk   ; Rise       ; q_int[20]            ;
; -0.611 ; 0.500        ; 1.111          ; High Pulse Width ; clk   ; Rise       ; q_int[21]            ;
; -0.611 ; 0.500        ; 1.111          ; Low Pulse Width  ; clk   ; Rise       ; q_int[21]            ;
; -0.611 ; 0.500        ; 1.111          ; High Pulse Width ; clk   ; Rise       ; q_int[22]            ;
; -0.611 ; 0.500        ; 1.111          ; Low Pulse Width  ; clk   ; Rise       ; q_int[22]            ;
; -0.611 ; 0.500        ; 1.111          ; High Pulse Width ; clk   ; Rise       ; q_int[23]            ;
; -0.611 ; 0.500        ; 1.111          ; Low Pulse Width  ; clk   ; Rise       ; q_int[23]            ;
; -0.611 ; 0.500        ; 1.111          ; High Pulse Width ; clk   ; Rise       ; q_int[24]            ;
; -0.611 ; 0.500        ; 1.111          ; Low Pulse Width  ; clk   ; Rise       ; q_int[24]            ;
; -0.611 ; 0.500        ; 1.111          ; High Pulse Width ; clk   ; Rise       ; q_int[25]            ;
; -0.611 ; 0.500        ; 1.111          ; Low Pulse Width  ; clk   ; Rise       ; q_int[25]            ;
; -0.611 ; 0.500        ; 1.111          ; High Pulse Width ; clk   ; Rise       ; q_int[26]            ;
; -0.611 ; 0.500        ; 1.111          ; Low Pulse Width  ; clk   ; Rise       ; q_int[26]            ;
; -0.611 ; 0.500        ; 1.111          ; High Pulse Width ; clk   ; Rise       ; q_int[27]            ;
; -0.611 ; 0.500        ; 1.111          ; Low Pulse Width  ; clk   ; Rise       ; q_int[27]            ;
; -0.611 ; 0.500        ; 1.111          ; High Pulse Width ; clk   ; Rise       ; q_int[28]            ;
; -0.611 ; 0.500        ; 1.111          ; Low Pulse Width  ; clk   ; Rise       ; q_int[28]            ;
; -0.611 ; 0.500        ; 1.111          ; High Pulse Width ; clk   ; Rise       ; q_int[29]            ;
; -0.611 ; 0.500        ; 1.111          ; Low Pulse Width  ; clk   ; Rise       ; q_int[29]            ;
; -0.611 ; 0.500        ; 1.111          ; High Pulse Width ; clk   ; Rise       ; q_int[2]             ;
; -0.611 ; 0.500        ; 1.111          ; Low Pulse Width  ; clk   ; Rise       ; q_int[2]             ;
; -0.611 ; 0.500        ; 1.111          ; High Pulse Width ; clk   ; Rise       ; q_int[30]            ;
; -0.611 ; 0.500        ; 1.111          ; Low Pulse Width  ; clk   ; Rise       ; q_int[30]            ;
; -0.611 ; 0.500        ; 1.111          ; High Pulse Width ; clk   ; Rise       ; q_int[31]            ;
; -0.611 ; 0.500        ; 1.111          ; Low Pulse Width  ; clk   ; Rise       ; q_int[31]            ;
; -0.611 ; 0.500        ; 1.111          ; High Pulse Width ; clk   ; Rise       ; q_int[3]             ;
; -0.611 ; 0.500        ; 1.111          ; Low Pulse Width  ; clk   ; Rise       ; q_int[3]             ;
; -0.611 ; 0.500        ; 1.111          ; High Pulse Width ; clk   ; Rise       ; q_int[4]             ;
; -0.611 ; 0.500        ; 1.111          ; Low Pulse Width  ; clk   ; Rise       ; q_int[4]             ;
; -0.611 ; 0.500        ; 1.111          ; High Pulse Width ; clk   ; Rise       ; q_int[5]             ;
; -0.611 ; 0.500        ; 1.111          ; Low Pulse Width  ; clk   ; Rise       ; q_int[5]             ;
; -0.611 ; 0.500        ; 1.111          ; High Pulse Width ; clk   ; Rise       ; q_int[6]             ;
; -0.611 ; 0.500        ; 1.111          ; Low Pulse Width  ; clk   ; Rise       ; q_int[6]             ;
; -0.611 ; 0.500        ; 1.111          ; High Pulse Width ; clk   ; Rise       ; q_int[7]             ;
; -0.611 ; 0.500        ; 1.111          ; Low Pulse Width  ; clk   ; Rise       ; q_int[7]             ;
; -0.611 ; 0.500        ; 1.111          ; High Pulse Width ; clk   ; Rise       ; q_int[8]             ;
; -0.611 ; 0.500        ; 1.111          ; Low Pulse Width  ; clk   ; Rise       ; q_int[8]             ;
; -0.611 ; 0.500        ; 1.111          ; High Pulse Width ; clk   ; Rise       ; q_int[9]             ;
; -0.611 ; 0.500        ; 1.111          ; Low Pulse Width  ; clk   ; Rise       ; q_int[9]             ;
; 0.500  ; 0.500        ; 0.000          ; High Pulse Width ; clk   ; Rise       ; clk|combout          ;
; 0.500  ; 0.500        ; 0.000          ; Low Pulse Width  ; clk   ; Rise       ; clk|combout          ;
; 0.500  ; 0.500        ; 0.000          ; High Pulse Width ; clk   ; Rise       ; clk~clkctrl|inclk[0] ;
; 0.500  ; 0.500        ; 0.000          ; Low Pulse Width  ; clk   ; Rise       ; clk~clkctrl|inclk[0] ;
; 0.500  ; 0.500        ; 0.000          ; High Pulse Width ; clk   ; Rise       ; clk~clkctrl|outclk   ;
; 0.500  ; 0.500        ; 0.000          ; Low Pulse Width  ; clk   ; Rise       ; clk~clkctrl|outclk   ;
; 0.500  ; 0.500        ; 0.000          ; High Pulse Width ; clk   ; Rise       ; q_int[0]|clk         ;
; 0.500  ; 0.500        ; 0.000          ; Low Pulse Width  ; clk   ; Rise       ; q_int[0]|clk         ;
; 0.500  ; 0.500        ; 0.000          ; High Pulse Width ; clk   ; Rise       ; q_int[10]|clk        ;
; 0.500  ; 0.500        ; 0.000          ; Low Pulse Width  ; clk   ; Rise       ; q_int[10]|clk        ;
; 0.500  ; 0.500        ; 0.000          ; High Pulse Width ; clk   ; Rise       ; q_int[11]|clk        ;
; 0.500  ; 0.500        ; 0.000          ; Low Pulse Width  ; clk   ; Rise       ; q_int[11]|clk        ;
; 0.500  ; 0.500        ; 0.000          ; High Pulse Width ; clk   ; Rise       ; q_int[12]|clk        ;
; 0.500  ; 0.500        ; 0.000          ; Low Pulse Width  ; clk   ; Rise       ; q_int[12]|clk        ;
; 0.500  ; 0.500        ; 0.000          ; High Pulse Width ; clk   ; Rise       ; q_int[13]|clk        ;
; 0.500  ; 0.500        ; 0.000          ; Low Pulse Width  ; clk   ; Rise       ; q_int[13]|clk        ;
; 0.500  ; 0.500        ; 0.000          ; High Pulse Width ; clk   ; Rise       ; q_int[14]|clk        ;
; 0.500  ; 0.500        ; 0.000          ; Low Pulse Width  ; clk   ; Rise       ; q_int[14]|clk        ;
; 0.500  ; 0.500        ; 0.000          ; High Pulse Width ; clk   ; Rise       ; q_int[15]|clk        ;
; 0.500  ; 0.500        ; 0.000          ; Low Pulse Width  ; clk   ; Rise       ; q_int[15]|clk        ;
; 0.500  ; 0.500        ; 0.000          ; High Pulse Width ; clk   ; Rise       ; q_int[16]|clk        ;
; 0.500  ; 0.500        ; 0.000          ; Low Pulse Width  ; clk   ; Rise       ; q_int[16]|clk        ;
; 0.500  ; 0.500        ; 0.000          ; High Pulse Width ; clk   ; Rise       ; q_int[17]|clk        ;
; 0.500  ; 0.500        ; 0.000          ; Low Pulse Width  ; clk   ; Rise       ; q_int[17]|clk        ;
; 0.500  ; 0.500        ; 0.000          ; High Pulse Width ; clk   ; Rise       ; q_int[18]|clk        ;
; 0.500  ; 0.500        ; 0.000          ; Low Pulse Width  ; clk   ; Rise       ; q_int[18]|clk        ;
; 0.500  ; 0.500        ; 0.000          ; High Pulse Width ; clk   ; Rise       ; q_int[19]|clk        ;
; 0.500  ; 0.500        ; 0.000          ; Low Pulse Width  ; clk   ; Rise       ; q_int[19]|clk        ;
; 0.500  ; 0.500        ; 0.000          ; High Pulse Width ; clk   ; Rise       ; q_int[1]|clk         ;
; 0.500  ; 0.500        ; 0.000          ; Low Pulse Width  ; clk   ; Rise       ; q_int[1]|clk         ;
; 0.500  ; 0.500        ; 0.000          ; High Pulse Width ; clk   ; Rise       ; q_int[20]|clk        ;
; 0.500  ; 0.500        ; 0.000          ; Low Pulse Width  ; clk   ; Rise       ; q_int[20]|clk        ;
; 0.500  ; 0.500        ; 0.000          ; High Pulse Width ; clk   ; Rise       ; q_int[21]|clk        ;
; 0.500  ; 0.500        ; 0.000          ; Low Pulse Width  ; clk   ; Rise       ; q_int[21]|clk        ;
; 0.500  ; 0.500        ; 0.000          ; High Pulse Width ; clk   ; Rise       ; q_int[22]|clk        ;
+--------+--------------+----------------+------------------+-------+------------+----------------------+


+-------------------------------------------------------------------------+
; Setup Times                                                             ;
+-----------+------------+--------+--------+------------+-----------------+
; Data Port ; Clock Port ; Rise   ; Fall   ; Clock Edge ; Clock Reference ;
+-----------+------------+--------+--------+------------+-----------------+
; enable    ; clk        ; -0.368 ; -0.368 ; Rise       ; clk             ;
+-----------+------------+--------+--------+------------+-----------------+


+-----------------------------------------------------------------------+
; Hold Times                                                            ;
+-----------+------------+-------+-------+------------+-----------------+
; Data Port ; Clock Port ; Rise  ; Fall  ; Clock Edge ; Clock Reference ;
+-----------+------------+-------+-------+------------+-----------------+
; enable    ; clk        ; 1.075 ; 1.075 ; Rise       ; clk             ;
+-----------+------------+-------+-------+------------+-----------------+


+-------------------------------------------------------------------------+
; Clock to Output Times                                                   ;
+-----------+------------+--------+--------+------------+-----------------+
; Data Port ; Clock Port ; Rise   ; Fall   ; Clock Edge ; Clock Reference ;
+-----------+------------+--------+--------+------------+-----------------+
; HEX0[*]   ; clk        ; 11.759 ; 11.759 ; Rise       ; clk             ;
;  HEX0[0]  ; clk        ; 11.362 ; 11.362 ; Rise       ; clk             ;
;  HEX0[1]  ; clk        ; 11.395 ; 11.395 ; Rise       ; clk             ;
;  HEX0[2]  ; clk        ; 11.593 ; 11.593 ; Rise       ; clk             ;
;  HEX0[3]  ; clk        ; 11.739 ; 11.739 ; Rise       ; clk             ;
;  HEX0[4]  ; clk        ; 11.754 ; 11.754 ; Rise       ; clk             ;
;  HEX0[5]  ; clk        ; 11.759 ; 11.759 ; Rise       ; clk             ;
;  HEX0[6]  ; clk        ; 11.757 ; 11.757 ; Rise       ; clk             ;
; HEX1[*]   ; clk        ; 12.038 ; 12.038 ; Rise       ; clk             ;
;  HEX1[0]  ; clk        ; 11.990 ; 11.990 ; Rise       ; clk             ;
;  HEX1[1]  ; clk        ; 11.648 ; 11.648 ; Rise       ; clk             ;
;  HEX1[2]  ; clk        ; 11.648 ; 11.648 ; Rise       ; clk             ;
;  HEX1[3]  ; clk        ; 11.664 ; 11.664 ; Rise       ; clk             ;
;  HEX1[4]  ; clk        ; 11.676 ; 11.676 ; Rise       ; clk             ;
;  HEX1[5]  ; clk        ; 12.038 ; 12.038 ; Rise       ; clk             ;
;  HEX1[6]  ; clk        ; 11.914 ; 11.914 ; Rise       ; clk             ;
; q[*]      ; clk        ; 9.623  ; 9.623  ; Rise       ; clk             ;
;  q[0]     ; clk        ; 7.551  ; 7.551  ; Rise       ; clk             ;
;  q[1]     ; clk        ; 7.320  ; 7.320  ; Rise       ; clk             ;
;  q[2]     ; clk        ; 7.300  ; 7.300  ; Rise       ; clk             ;
;  q[3]     ; clk        ; 7.328  ; 7.328  ; Rise       ; clk             ;
;  q[4]     ; clk        ; 7.642  ; 7.642  ; Rise       ; clk             ;
;  q[5]     ; clk        ; 9.623  ; 9.623  ; Rise       ; clk             ;
;  q[6]     ; clk        ; 7.335  ; 7.335  ; Rise       ; clk             ;
;  q[7]     ; clk        ; 7.309  ; 7.309  ; Rise       ; clk             ;
+-----------+------------+--------+--------+------------+-----------------+


+-------------------------------------------------------------------------+
; Minimum Clock to Output Times                                           ;
+-----------+------------+--------+--------+------------+-----------------+
; Data Port ; Clock Port ; Rise   ; Fall   ; Clock Edge ; Clock Reference ;
+-----------+------------+--------+--------+------------+-----------------+
; HEX0[*]   ; clk        ; 9.951  ; 9.951  ; Rise       ; clk             ;
;  HEX0[0]  ; clk        ; 9.951  ; 9.951  ; Rise       ; clk             ;
;  HEX0[1]  ; clk        ; 9.978  ; 9.978  ; Rise       ; clk             ;
;  HEX0[2]  ; clk        ; 10.209 ; 10.209 ; Rise       ; clk             ;
;  HEX0[3]  ; clk        ; 10.324 ; 10.324 ; Rise       ; clk             ;
;  HEX0[4]  ; clk        ; 10.338 ; 10.338 ; Rise       ; clk             ;
;  HEX0[5]  ; clk        ; 10.344 ; 10.344 ; Rise       ; clk             ;
;  HEX0[6]  ; clk        ; 10.340 ; 10.340 ; Rise       ; clk             ;
; HEX1[*]   ; clk        ; 9.557  ; 9.557  ; Rise       ; clk             ;
;  HEX1[0]  ; clk        ; 9.935  ; 9.935  ; Rise       ; clk             ;
;  HEX1[1]  ; clk        ; 9.559  ; 9.559  ; Rise       ; clk             ;
;  HEX1[2]  ; clk        ; 9.557  ; 9.557  ; Rise       ; clk             ;
;  HEX1[3]  ; clk        ; 9.567  ; 9.567  ; Rise       ; clk             ;
;  HEX1[4]  ; clk        ; 9.579  ; 9.579  ; Rise       ; clk             ;
;  HEX1[5]  ; clk        ; 9.941  ; 9.941  ; Rise       ; clk             ;
;  HEX1[6]  ; clk        ; 9.820  ; 9.820  ; Rise       ; clk             ;
; q[*]      ; clk        ; 7.300  ; 7.300  ; Rise       ; clk             ;
;  q[0]     ; clk        ; 7.551  ; 7.551  ; Rise       ; clk             ;
;  q[1]     ; clk        ; 7.320  ; 7.320  ; Rise       ; clk             ;
;  q[2]     ; clk        ; 7.300  ; 7.300  ; Rise       ; clk             ;
;  q[3]     ; clk        ; 7.328  ; 7.328  ; Rise       ; clk             ;
;  q[4]     ; clk        ; 7.642  ; 7.642  ; Rise       ; clk             ;
;  q[5]     ; clk        ; 9.623  ; 9.623  ; Rise       ; clk             ;
;  q[6]     ; clk        ; 7.335  ; 7.335  ; Rise       ; clk             ;
;  q[7]     ; clk        ; 7.309  ; 7.309  ; Rise       ; clk             ;
+-----------+------------+--------+--------+------------+-----------------+


+--------------------------------+
; Fast Model Setup Summary       ;
+-------+--------+---------------+
; Clock ; Slack  ; End Point TNS ;
+-------+--------+---------------+
; clk   ; -0.889 ; -10.350       ;
+-------+--------+---------------+


+-------------------------------+
; Fast Model Hold Summary       ;
+-------+-------+---------------+
; Clock ; Slack ; End Point TNS ;
+-------+-------+---------------+
; clk   ; 0.215 ; 0.000         ;
+-------+-------+---------------+


-------------------------------
; Fast Model Recovery Summary ;
-------------------------------
No paths to report.


------------------------------
; Fast Model Removal Summary ;
------------------------------
No paths to report.


+----------------------------------------+
; Fast Model Minimum Pulse Width Summary ;
+-------+--------+-----------------------+
; Clock ; Slack  ; End Point TNS         ;
+-------+--------+-----------------------+
; clk   ; -1.380 ; -33.380               ;
+-------+--------+-----------------------+


+------------------------------------------------------------------------------------------------------+
; Fast Model Setup: 'clk'                                                                              ;
+--------+-----------+-----------+--------------+-------------+--------------+------------+------------+
; Slack  ; From Node ; To Node   ; Launch Clock ; Latch Clock ; Relationship ; Clock Skew ; Data Delay ;
+--------+-----------+-----------+--------------+-------------+--------------+------------+------------+
; -0.889 ; q_int[1]  ; q_int[31] ; clk          ; clk         ; 1.000        ; 0.001      ; 1.922      ;
; -0.854 ; q_int[1]  ; q_int[30] ; clk          ; clk         ; 1.000        ; 0.001      ; 1.887      ;
; -0.819 ; q_int[1]  ; q_int[29] ; clk          ; clk         ; 1.000        ; 0.001      ; 1.852      ;
; -0.795 ; q_int[0]  ; q_int[31] ; clk          ; clk         ; 1.000        ; 0.001      ; 1.828      ;
; -0.784 ; q_int[1]  ; q_int[28] ; clk          ; clk         ; 1.000        ; 0.001      ; 1.817      ;
; -0.765 ; q_int[2]  ; q_int[31] ; clk          ; clk         ; 1.000        ; 0.001      ; 1.798      ;
; -0.760 ; q_int[0]  ; q_int[30] ; clk          ; clk         ; 1.000        ; 0.001      ; 1.793      ;
; -0.749 ; q_int[1]  ; q_int[27] ; clk          ; clk         ; 1.000        ; 0.001      ; 1.782      ;
; -0.741 ; q_int[3]  ; q_int[31] ; clk          ; clk         ; 1.000        ; 0.001      ; 1.774      ;
; -0.730 ; q_int[2]  ; q_int[30] ; clk          ; clk         ; 1.000        ; 0.001      ; 1.763      ;
; -0.725 ; q_int[0]  ; q_int[29] ; clk          ; clk         ; 1.000        ; 0.001      ; 1.758      ;
; -0.714 ; q_int[1]  ; q_int[26] ; clk          ; clk         ; 1.000        ; 0.001      ; 1.747      ;
; -0.706 ; q_int[3]  ; q_int[30] ; clk          ; clk         ; 1.000        ; 0.001      ; 1.739      ;
; -0.702 ; q_int[6]  ; q_int[31] ; clk          ; clk         ; 1.000        ; 0.001      ; 1.735      ;
; -0.696 ; q_int[4]  ; q_int[31] ; clk          ; clk         ; 1.000        ; 0.001      ; 1.729      ;
; -0.695 ; q_int[2]  ; q_int[29] ; clk          ; clk         ; 1.000        ; 0.001      ; 1.728      ;
; -0.690 ; q_int[0]  ; q_int[28] ; clk          ; clk         ; 1.000        ; 0.001      ; 1.723      ;
; -0.679 ; q_int[1]  ; q_int[25] ; clk          ; clk         ; 1.000        ; 0.001      ; 1.712      ;
; -0.671 ; q_int[5]  ; q_int[31] ; clk          ; clk         ; 1.000        ; 0.001      ; 1.704      ;
; -0.671 ; q_int[3]  ; q_int[29] ; clk          ; clk         ; 1.000        ; 0.001      ; 1.704      ;
; -0.667 ; q_int[6]  ; q_int[30] ; clk          ; clk         ; 1.000        ; 0.001      ; 1.700      ;
; -0.661 ; q_int[4]  ; q_int[30] ; clk          ; clk         ; 1.000        ; 0.001      ; 1.694      ;
; -0.660 ; q_int[2]  ; q_int[28] ; clk          ; clk         ; 1.000        ; 0.001      ; 1.693      ;
; -0.655 ; q_int[0]  ; q_int[27] ; clk          ; clk         ; 1.000        ; 0.001      ; 1.688      ;
; -0.644 ; q_int[1]  ; q_int[24] ; clk          ; clk         ; 1.000        ; 0.001      ; 1.677      ;
; -0.636 ; q_int[5]  ; q_int[30] ; clk          ; clk         ; 1.000        ; 0.001      ; 1.669      ;
; -0.636 ; q_int[3]  ; q_int[28] ; clk          ; clk         ; 1.000        ; 0.001      ; 1.669      ;
; -0.632 ; q_int[6]  ; q_int[29] ; clk          ; clk         ; 1.000        ; 0.001      ; 1.665      ;
; -0.626 ; q_int[4]  ; q_int[29] ; clk          ; clk         ; 1.000        ; 0.001      ; 1.659      ;
; -0.625 ; q_int[2]  ; q_int[27] ; clk          ; clk         ; 1.000        ; 0.001      ; 1.658      ;
; -0.620 ; q_int[0]  ; q_int[26] ; clk          ; clk         ; 1.000        ; 0.001      ; 1.653      ;
; -0.601 ; q_int[5]  ; q_int[29] ; clk          ; clk         ; 1.000        ; 0.001      ; 1.634      ;
; -0.601 ; q_int[3]  ; q_int[27] ; clk          ; clk         ; 1.000        ; 0.001      ; 1.634      ;
; -0.597 ; q_int[6]  ; q_int[28] ; clk          ; clk         ; 1.000        ; 0.001      ; 1.630      ;
; -0.591 ; q_int[4]  ; q_int[28] ; clk          ; clk         ; 1.000        ; 0.001      ; 1.624      ;
; -0.590 ; q_int[2]  ; q_int[26] ; clk          ; clk         ; 1.000        ; 0.001      ; 1.623      ;
; -0.587 ; q_int[7]  ; q_int[31] ; clk          ; clk         ; 1.000        ; 0.001      ; 1.620      ;
; -0.585 ; q_int[0]  ; q_int[25] ; clk          ; clk         ; 1.000        ; 0.001      ; 1.618      ;
; -0.572 ; q_int[8]  ; q_int[31] ; clk          ; clk         ; 1.000        ; 0.001      ; 1.605      ;
; -0.566 ; q_int[5]  ; q_int[28] ; clk          ; clk         ; 1.000        ; 0.001      ; 1.599      ;
; -0.566 ; q_int[3]  ; q_int[26] ; clk          ; clk         ; 1.000        ; 0.001      ; 1.599      ;
; -0.562 ; q_int[6]  ; q_int[27] ; clk          ; clk         ; 1.000        ; 0.001      ; 1.595      ;
; -0.556 ; q_int[4]  ; q_int[27] ; clk          ; clk         ; 1.000        ; 0.001      ; 1.589      ;
; -0.555 ; q_int[2]  ; q_int[25] ; clk          ; clk         ; 1.000        ; 0.001      ; 1.588      ;
; -0.552 ; q_int[7]  ; q_int[30] ; clk          ; clk         ; 1.000        ; 0.001      ; 1.585      ;
; -0.550 ; q_int[1]  ; q_int[23] ; clk          ; clk         ; 1.000        ; 0.001      ; 1.583      ;
; -0.550 ; q_int[0]  ; q_int[24] ; clk          ; clk         ; 1.000        ; 0.001      ; 1.583      ;
; -0.537 ; q_int[8]  ; q_int[30] ; clk          ; clk         ; 1.000        ; 0.001      ; 1.570      ;
; -0.531 ; q_int[5]  ; q_int[27] ; clk          ; clk         ; 1.000        ; 0.001      ; 1.564      ;
; -0.531 ; q_int[3]  ; q_int[25] ; clk          ; clk         ; 1.000        ; 0.001      ; 1.564      ;
; -0.527 ; q_int[6]  ; q_int[26] ; clk          ; clk         ; 1.000        ; 0.001      ; 1.560      ;
; -0.521 ; q_int[4]  ; q_int[26] ; clk          ; clk         ; 1.000        ; 0.001      ; 1.554      ;
; -0.520 ; q_int[2]  ; q_int[24] ; clk          ; clk         ; 1.000        ; 0.001      ; 1.553      ;
; -0.517 ; q_int[7]  ; q_int[29] ; clk          ; clk         ; 1.000        ; 0.001      ; 1.550      ;
; -0.515 ; q_int[1]  ; q_int[22] ; clk          ; clk         ; 1.000        ; 0.001      ; 1.548      ;
; -0.502 ; q_int[10] ; q_int[31] ; clk          ; clk         ; 1.000        ; 0.001      ; 1.535      ;
; -0.502 ; q_int[8]  ; q_int[29] ; clk          ; clk         ; 1.000        ; 0.001      ; 1.535      ;
; -0.496 ; q_int[5]  ; q_int[26] ; clk          ; clk         ; 1.000        ; 0.001      ; 1.529      ;
; -0.496 ; q_int[3]  ; q_int[24] ; clk          ; clk         ; 1.000        ; 0.001      ; 1.529      ;
; -0.492 ; q_int[6]  ; q_int[25] ; clk          ; clk         ; 1.000        ; 0.001      ; 1.525      ;
; -0.486 ; q_int[4]  ; q_int[25] ; clk          ; clk         ; 1.000        ; 0.001      ; 1.519      ;
; -0.482 ; q_int[7]  ; q_int[28] ; clk          ; clk         ; 1.000        ; 0.001      ; 1.515      ;
; -0.480 ; q_int[1]  ; q_int[21] ; clk          ; clk         ; 1.000        ; 0.001      ; 1.513      ;
; -0.467 ; q_int[10] ; q_int[30] ; clk          ; clk         ; 1.000        ; 0.001      ; 1.500      ;
; -0.467 ; q_int[8]  ; q_int[28] ; clk          ; clk         ; 1.000        ; 0.001      ; 1.500      ;
; -0.461 ; q_int[5]  ; q_int[25] ; clk          ; clk         ; 1.000        ; 0.001      ; 1.494      ;
; -0.459 ; q_int[9]  ; q_int[31] ; clk          ; clk         ; 1.000        ; 0.001      ; 1.492      ;
; -0.457 ; q_int[6]  ; q_int[24] ; clk          ; clk         ; 1.000        ; 0.001      ; 1.490      ;
; -0.456 ; q_int[0]  ; q_int[23] ; clk          ; clk         ; 1.000        ; 0.001      ; 1.489      ;
; -0.451 ; q_int[4]  ; q_int[24] ; clk          ; clk         ; 1.000        ; 0.001      ; 1.484      ;
; -0.447 ; q_int[7]  ; q_int[27] ; clk          ; clk         ; 1.000        ; 0.001      ; 1.480      ;
; -0.445 ; q_int[1]  ; q_int[20] ; clk          ; clk         ; 1.000        ; 0.001      ; 1.478      ;
; -0.433 ; q_int[12] ; q_int[31] ; clk          ; clk         ; 1.000        ; 0.001      ; 1.466      ;
; -0.432 ; q_int[10] ; q_int[29] ; clk          ; clk         ; 1.000        ; 0.001      ; 1.465      ;
; -0.432 ; q_int[8]  ; q_int[27] ; clk          ; clk         ; 1.000        ; 0.001      ; 1.465      ;
; -0.426 ; q_int[5]  ; q_int[24] ; clk          ; clk         ; 1.000        ; 0.001      ; 1.459      ;
; -0.426 ; q_int[2]  ; q_int[23] ; clk          ; clk         ; 1.000        ; 0.001      ; 1.459      ;
; -0.424 ; q_int[9]  ; q_int[30] ; clk          ; clk         ; 1.000        ; 0.001      ; 1.457      ;
; -0.421 ; q_int[0]  ; q_int[22] ; clk          ; clk         ; 1.000        ; 0.001      ; 1.454      ;
; -0.412 ; q_int[7]  ; q_int[26] ; clk          ; clk         ; 1.000        ; 0.001      ; 1.445      ;
; -0.410 ; q_int[1]  ; q_int[19] ; clk          ; clk         ; 1.000        ; 0.001      ; 1.443      ;
; -0.402 ; q_int[3]  ; q_int[23] ; clk          ; clk         ; 1.000        ; 0.001      ; 1.435      ;
; -0.398 ; q_int[12] ; q_int[30] ; clk          ; clk         ; 1.000        ; 0.001      ; 1.431      ;
; -0.397 ; q_int[10] ; q_int[28] ; clk          ; clk         ; 1.000        ; 0.001      ; 1.430      ;
; -0.397 ; q_int[8]  ; q_int[26] ; clk          ; clk         ; 1.000        ; 0.001      ; 1.430      ;
; -0.391 ; q_int[2]  ; q_int[22] ; clk          ; clk         ; 1.000        ; 0.001      ; 1.424      ;
; -0.389 ; q_int[11] ; q_int[31] ; clk          ; clk         ; 1.000        ; 0.001      ; 1.422      ;
; -0.389 ; q_int[9]  ; q_int[29] ; clk          ; clk         ; 1.000        ; 0.001      ; 1.422      ;
; -0.386 ; q_int[0]  ; q_int[21] ; clk          ; clk         ; 1.000        ; 0.001      ; 1.419      ;
; -0.377 ; q_int[7]  ; q_int[25] ; clk          ; clk         ; 1.000        ; 0.001      ; 1.410      ;
; -0.375 ; q_int[1]  ; q_int[18] ; clk          ; clk         ; 1.000        ; 0.001      ; 1.408      ;
; -0.367 ; q_int[3]  ; q_int[22] ; clk          ; clk         ; 1.000        ; 0.001      ; 1.400      ;
; -0.363 ; q_int[12] ; q_int[29] ; clk          ; clk         ; 1.000        ; 0.001      ; 1.396      ;
; -0.363 ; q_int[6]  ; q_int[23] ; clk          ; clk         ; 1.000        ; 0.001      ; 1.396      ;
; -0.362 ; q_int[10] ; q_int[27] ; clk          ; clk         ; 1.000        ; 0.001      ; 1.395      ;
; -0.362 ; q_int[8]  ; q_int[25] ; clk          ; clk         ; 1.000        ; 0.001      ; 1.395      ;
; -0.357 ; q_int[4]  ; q_int[23] ; clk          ; clk         ; 1.000        ; 0.001      ; 1.390      ;
; -0.356 ; q_int[2]  ; q_int[21] ; clk          ; clk         ; 1.000        ; 0.001      ; 1.389      ;
; -0.354 ; q_int[11] ; q_int[30] ; clk          ; clk         ; 1.000        ; 0.001      ; 1.387      ;
; -0.354 ; q_int[9]  ; q_int[28] ; clk          ; clk         ; 1.000        ; 0.001      ; 1.387      ;
+--------+-----------+-----------+--------------+-------------+--------------+------------+------------+


+-----------------------------------------------------------------------------------------------------+
; Fast Model Hold: 'clk'                                                                              ;
+-------+-----------+-----------+--------------+-------------+--------------+------------+------------+
; Slack ; From Node ; To Node   ; Launch Clock ; Latch Clock ; Relationship ; Clock Skew ; Data Delay ;
+-------+-----------+-----------+--------------+-------------+--------------+------------+------------+
; 0.215 ; q_int[0]  ; q_int[0]  ; clk          ; clk         ; 0.000        ; 0.000      ; 0.367      ;
; 0.243 ; q_int[31] ; q_int[31] ; clk          ; clk         ; 0.000        ; 0.000      ; 0.395      ;
; 0.353 ; q_int[16] ; q_int[16] ; clk          ; clk         ; 0.000        ; 0.000      ; 0.505      ;
; 0.356 ; q_int[0]  ; q_int[1]  ; clk          ; clk         ; 0.000        ; 0.000      ; 0.508      ;
; 0.356 ; q_int[9]  ; q_int[9]  ; clk          ; clk         ; 0.000        ; 0.000      ; 0.508      ;
; 0.356 ; q_int[11] ; q_int[11] ; clk          ; clk         ; 0.000        ; 0.000      ; 0.508      ;
; 0.357 ; q_int[17] ; q_int[17] ; clk          ; clk         ; 0.000        ; 0.000      ; 0.509      ;
; 0.358 ; q_int[2]  ; q_int[2]  ; clk          ; clk         ; 0.000        ; 0.000      ; 0.510      ;
; 0.358 ; q_int[18] ; q_int[18] ; clk          ; clk         ; 0.000        ; 0.000      ; 0.510      ;
; 0.359 ; q_int[4]  ; q_int[4]  ; clk          ; clk         ; 0.000        ; 0.000      ; 0.511      ;
; 0.359 ; q_int[7]  ; q_int[7]  ; clk          ; clk         ; 0.000        ; 0.000      ; 0.511      ;
; 0.359 ; q_int[13] ; q_int[13] ; clk          ; clk         ; 0.000        ; 0.000      ; 0.511      ;
; 0.359 ; q_int[14] ; q_int[14] ; clk          ; clk         ; 0.000        ; 0.000      ; 0.511      ;
; 0.359 ; q_int[15] ; q_int[15] ; clk          ; clk         ; 0.000        ; 0.000      ; 0.511      ;
; 0.359 ; q_int[20] ; q_int[20] ; clk          ; clk         ; 0.000        ; 0.000      ; 0.511      ;
; 0.359 ; q_int[23] ; q_int[23] ; clk          ; clk         ; 0.000        ; 0.000      ; 0.511      ;
; 0.360 ; q_int[27] ; q_int[27] ; clk          ; clk         ; 0.000        ; 0.000      ; 0.512      ;
; 0.361 ; q_int[29] ; q_int[29] ; clk          ; clk         ; 0.000        ; 0.000      ; 0.513      ;
; 0.363 ; q_int[25] ; q_int[25] ; clk          ; clk         ; 0.000        ; 0.000      ; 0.515      ;
; 0.364 ; q_int[30] ; q_int[30] ; clk          ; clk         ; 0.000        ; 0.000      ; 0.516      ;
; 0.367 ; q_int[3]  ; q_int[3]  ; clk          ; clk         ; 0.000        ; 0.000      ; 0.519      ;
; 0.367 ; q_int[5]  ; q_int[5]  ; clk          ; clk         ; 0.000        ; 0.000      ; 0.519      ;
; 0.369 ; q_int[19] ; q_int[19] ; clk          ; clk         ; 0.000        ; 0.000      ; 0.521      ;
; 0.370 ; q_int[21] ; q_int[21] ; clk          ; clk         ; 0.000        ; 0.000      ; 0.522      ;
; 0.370 ; q_int[22] ; q_int[22] ; clk          ; clk         ; 0.000        ; 0.000      ; 0.522      ;
; 0.371 ; q_int[24] ; q_int[24] ; clk          ; clk         ; 0.000        ; 0.000      ; 0.523      ;
; 0.371 ; q_int[26] ; q_int[26] ; clk          ; clk         ; 0.000        ; 0.000      ; 0.523      ;
; 0.375 ; q_int[28] ; q_int[28] ; clk          ; clk         ; 0.000        ; 0.000      ; 0.527      ;
; 0.434 ; q_int[8]  ; q_int[8]  ; clk          ; clk         ; 0.000        ; 0.000      ; 0.586      ;
; 0.434 ; q_int[10] ; q_int[10] ; clk          ; clk         ; 0.000        ; 0.000      ; 0.586      ;
; 0.435 ; q_int[6]  ; q_int[6]  ; clk          ; clk         ; 0.000        ; 0.000      ; 0.587      ;
; 0.435 ; q_int[12] ; q_int[12] ; clk          ; clk         ; 0.000        ; 0.000      ; 0.587      ;
; 0.445 ; q_int[1]  ; q_int[1]  ; clk          ; clk         ; 0.000        ; 0.000      ; 0.597      ;
; 0.491 ; q_int[16] ; q_int[17] ; clk          ; clk         ; 0.000        ; 0.000      ; 0.643      ;
; 0.491 ; q_int[0]  ; q_int[2]  ; clk          ; clk         ; 0.000        ; 0.000      ; 0.643      ;
; 0.494 ; q_int[9]  ; q_int[10] ; clk          ; clk         ; 0.000        ; 0.000      ; 0.646      ;
; 0.494 ; q_int[11] ; q_int[12] ; clk          ; clk         ; 0.000        ; 0.000      ; 0.646      ;
; 0.495 ; q_int[17] ; q_int[18] ; clk          ; clk         ; 0.000        ; 0.000      ; 0.647      ;
; 0.496 ; q_int[2]  ; q_int[3]  ; clk          ; clk         ; 0.000        ; 0.000      ; 0.648      ;
; 0.496 ; q_int[18] ; q_int[19] ; clk          ; clk         ; 0.000        ; 0.000      ; 0.648      ;
; 0.497 ; q_int[13] ; q_int[14] ; clk          ; clk         ; 0.000        ; 0.000      ; 0.649      ;
; 0.497 ; q_int[14] ; q_int[15] ; clk          ; clk         ; 0.000        ; 0.000      ; 0.649      ;
; 0.497 ; q_int[4]  ; q_int[5]  ; clk          ; clk         ; 0.000        ; 0.000      ; 0.649      ;
; 0.497 ; q_int[20] ; q_int[21] ; clk          ; clk         ; 0.000        ; 0.000      ; 0.649      ;
; 0.498 ; q_int[27] ; q_int[28] ; clk          ; clk         ; 0.000        ; 0.000      ; 0.650      ;
; 0.499 ; q_int[29] ; q_int[30] ; clk          ; clk         ; 0.000        ; 0.000      ; 0.651      ;
; 0.501 ; q_int[25] ; q_int[26] ; clk          ; clk         ; 0.000        ; 0.000      ; 0.653      ;
; 0.502 ; q_int[30] ; q_int[31] ; clk          ; clk         ; 0.000        ; 0.000      ; 0.654      ;
; 0.507 ; q_int[3]  ; q_int[4]  ; clk          ; clk         ; 0.000        ; 0.000      ; 0.659      ;
; 0.507 ; q_int[5]  ; q_int[6]  ; clk          ; clk         ; 0.000        ; 0.000      ; 0.659      ;
; 0.509 ; q_int[19] ; q_int[20] ; clk          ; clk         ; 0.000        ; 0.000      ; 0.661      ;
; 0.510 ; q_int[22] ; q_int[23] ; clk          ; clk         ; 0.000        ; 0.000      ; 0.662      ;
; 0.510 ; q_int[21] ; q_int[22] ; clk          ; clk         ; 0.000        ; 0.000      ; 0.662      ;
; 0.511 ; q_int[26] ; q_int[27] ; clk          ; clk         ; 0.000        ; 0.000      ; 0.663      ;
; 0.511 ; q_int[24] ; q_int[25] ; clk          ; clk         ; 0.000        ; 0.000      ; 0.663      ;
; 0.515 ; q_int[28] ; q_int[29] ; clk          ; clk         ; 0.000        ; 0.000      ; 0.667      ;
; 0.526 ; q_int[16] ; q_int[18] ; clk          ; clk         ; 0.000        ; 0.000      ; 0.678      ;
; 0.526 ; q_int[0]  ; q_int[3]  ; clk          ; clk         ; 0.000        ; 0.000      ; 0.678      ;
; 0.529 ; q_int[9]  ; q_int[11] ; clk          ; clk         ; 0.000        ; 0.000      ; 0.681      ;
; 0.529 ; q_int[11] ; q_int[13] ; clk          ; clk         ; 0.000        ; 0.000      ; 0.681      ;
; 0.530 ; q_int[17] ; q_int[19] ; clk          ; clk         ; 0.000        ; 0.000      ; 0.682      ;
; 0.531 ; q_int[2]  ; q_int[4]  ; clk          ; clk         ; 0.000        ; 0.000      ; 0.683      ;
; 0.531 ; q_int[18] ; q_int[20] ; clk          ; clk         ; 0.000        ; 0.000      ; 0.683      ;
; 0.532 ; q_int[13] ; q_int[15] ; clk          ; clk         ; 0.000        ; 0.000      ; 0.684      ;
; 0.532 ; q_int[4]  ; q_int[6]  ; clk          ; clk         ; 0.000        ; 0.000      ; 0.684      ;
; 0.532 ; q_int[20] ; q_int[22] ; clk          ; clk         ; 0.000        ; 0.000      ; 0.684      ;
; 0.533 ; q_int[27] ; q_int[29] ; clk          ; clk         ; 0.000        ; 0.000      ; 0.685      ;
; 0.534 ; q_int[29] ; q_int[31] ; clk          ; clk         ; 0.000        ; 0.000      ; 0.686      ;
; 0.536 ; q_int[25] ; q_int[27] ; clk          ; clk         ; 0.000        ; 0.000      ; 0.688      ;
; 0.542 ; q_int[5]  ; q_int[7]  ; clk          ; clk         ; 0.000        ; 0.000      ; 0.694      ;
; 0.542 ; q_int[3]  ; q_int[5]  ; clk          ; clk         ; 0.000        ; 0.000      ; 0.694      ;
; 0.543 ; q_int[15] ; q_int[16] ; clk          ; clk         ; 0.000        ; 0.001      ; 0.696      ;
; 0.544 ; q_int[19] ; q_int[21] ; clk          ; clk         ; 0.000        ; 0.000      ; 0.696      ;
; 0.545 ; q_int[21] ; q_int[23] ; clk          ; clk         ; 0.000        ; 0.000      ; 0.697      ;
; 0.546 ; q_int[26] ; q_int[28] ; clk          ; clk         ; 0.000        ; 0.000      ; 0.698      ;
; 0.546 ; q_int[24] ; q_int[26] ; clk          ; clk         ; 0.000        ; 0.000      ; 0.698      ;
; 0.550 ; q_int[28] ; q_int[30] ; clk          ; clk         ; 0.000        ; 0.000      ; 0.702      ;
; 0.552 ; q_int[23] ; q_int[24] ; clk          ; clk         ; 0.000        ; 0.000      ; 0.704      ;
; 0.552 ; q_int[7]  ; q_int[8]  ; clk          ; clk         ; 0.000        ; 0.000      ; 0.704      ;
; 0.561 ; q_int[16] ; q_int[19] ; clk          ; clk         ; 0.000        ; 0.000      ; 0.713      ;
; 0.561 ; q_int[0]  ; q_int[4]  ; clk          ; clk         ; 0.000        ; 0.000      ; 0.713      ;
; 0.564 ; q_int[9]  ; q_int[12] ; clk          ; clk         ; 0.000        ; 0.000      ; 0.716      ;
; 0.564 ; q_int[11] ; q_int[14] ; clk          ; clk         ; 0.000        ; 0.000      ; 0.716      ;
; 0.565 ; q_int[17] ; q_int[20] ; clk          ; clk         ; 0.000        ; 0.000      ; 0.717      ;
; 0.566 ; q_int[2]  ; q_int[5]  ; clk          ; clk         ; 0.000        ; 0.000      ; 0.718      ;
; 0.566 ; q_int[18] ; q_int[21] ; clk          ; clk         ; 0.000        ; 0.000      ; 0.718      ;
; 0.567 ; q_int[4]  ; q_int[7]  ; clk          ; clk         ; 0.000        ; 0.000      ; 0.719      ;
; 0.567 ; q_int[20] ; q_int[23] ; clk          ; clk         ; 0.000        ; 0.000      ; 0.719      ;
; 0.568 ; q_int[27] ; q_int[30] ; clk          ; clk         ; 0.000        ; 0.000      ; 0.720      ;
; 0.571 ; q_int[25] ; q_int[28] ; clk          ; clk         ; 0.000        ; 0.000      ; 0.723      ;
; 0.572 ; q_int[8]  ; q_int[9]  ; clk          ; clk         ; 0.000        ; 0.000      ; 0.724      ;
; 0.572 ; q_int[10] ; q_int[11] ; clk          ; clk         ; 0.000        ; 0.000      ; 0.724      ;
; 0.573 ; q_int[12] ; q_int[13] ; clk          ; clk         ; 0.000        ; 0.000      ; 0.725      ;
; 0.573 ; q_int[6]  ; q_int[7]  ; clk          ; clk         ; 0.000        ; 0.000      ; 0.725      ;
; 0.577 ; q_int[3]  ; q_int[6]  ; clk          ; clk         ; 0.000        ; 0.000      ; 0.729      ;
; 0.578 ; q_int[15] ; q_int[17] ; clk          ; clk         ; 0.000        ; 0.001      ; 0.731      ;
; 0.579 ; q_int[19] ; q_int[22] ; clk          ; clk         ; 0.000        ; 0.000      ; 0.731      ;
; 0.581 ; q_int[26] ; q_int[29] ; clk          ; clk         ; 0.000        ; 0.000      ; 0.733      ;
; 0.581 ; q_int[24] ; q_int[27] ; clk          ; clk         ; 0.000        ; 0.000      ; 0.733      ;
; 0.583 ; q_int[14] ; q_int[16] ; clk          ; clk         ; 0.000        ; 0.001      ; 0.736      ;
+-------+-----------+-----------+--------------+-------------+--------------+------------+------------+


+-------------------------------------------------------------------------------------------------------+
; Fast Model Minimum Pulse Width: 'clk'                                                                 ;
+--------+--------------+----------------+------------------+-------+------------+----------------------+
; Slack  ; Actual Width ; Required Width ; Type             ; Clock ; Clock Edge ; Target               ;
+--------+--------------+----------------+------------------+-------+------------+----------------------+
; -1.380 ; 1.000        ; 2.380          ; Port Rate        ; clk   ; Rise       ; clk                  ;
; -0.500 ; 0.500        ; 1.000          ; High Pulse Width ; clk   ; Rise       ; q_int[0]             ;
; -0.500 ; 0.500        ; 1.000          ; Low Pulse Width  ; clk   ; Rise       ; q_int[0]             ;
; -0.500 ; 0.500        ; 1.000          ; High Pulse Width ; clk   ; Rise       ; q_int[10]            ;
; -0.500 ; 0.500        ; 1.000          ; Low Pulse Width  ; clk   ; Rise       ; q_int[10]            ;
; -0.500 ; 0.500        ; 1.000          ; High Pulse Width ; clk   ; Rise       ; q_int[11]            ;
; -0.500 ; 0.500        ; 1.000          ; Low Pulse Width  ; clk   ; Rise       ; q_int[11]            ;
; -0.500 ; 0.500        ; 1.000          ; High Pulse Width ; clk   ; Rise       ; q_int[12]            ;
; -0.500 ; 0.500        ; 1.000          ; Low Pulse Width  ; clk   ; Rise       ; q_int[12]            ;
; -0.500 ; 0.500        ; 1.000          ; High Pulse Width ; clk   ; Rise       ; q_int[13]            ;
; -0.500 ; 0.500        ; 1.000          ; Low Pulse Width  ; clk   ; Rise       ; q_int[13]            ;
; -0.500 ; 0.500        ; 1.000          ; High Pulse Width ; clk   ; Rise       ; q_int[14]            ;
; -0.500 ; 0.500        ; 1.000          ; Low Pulse Width  ; clk   ; Rise       ; q_int[14]            ;
; -0.500 ; 0.500        ; 1.000          ; High Pulse Width ; clk   ; Rise       ; q_int[15]            ;
; -0.500 ; 0.500        ; 1.000          ; Low Pulse Width  ; clk   ; Rise       ; q_int[15]            ;
; -0.500 ; 0.500        ; 1.000          ; High Pulse Width ; clk   ; Rise       ; q_int[16]            ;
; -0.500 ; 0.500        ; 1.000          ; Low Pulse Width  ; clk   ; Rise       ; q_int[16]            ;
; -0.500 ; 0.500        ; 1.000          ; High Pulse Width ; clk   ; Rise       ; q_int[17]            ;
; -0.500 ; 0.500        ; 1.000          ; Low Pulse Width  ; clk   ; Rise       ; q_int[17]            ;
; -0.500 ; 0.500        ; 1.000          ; High Pulse Width ; clk   ; Rise       ; q_int[18]            ;
; -0.500 ; 0.500        ; 1.000          ; Low Pulse Width  ; clk   ; Rise       ; q_int[18]            ;
; -0.500 ; 0.500        ; 1.000          ; High Pulse Width ; clk   ; Rise       ; q_int[19]            ;
; -0.500 ; 0.500        ; 1.000          ; Low Pulse Width  ; clk   ; Rise       ; q_int[19]            ;
; -0.500 ; 0.500        ; 1.000          ; High Pulse Width ; clk   ; Rise       ; q_int[1]             ;
; -0.500 ; 0.500        ; 1.000          ; Low Pulse Width  ; clk   ; Rise       ; q_int[1]             ;
; -0.500 ; 0.500        ; 1.000          ; High Pulse Width ; clk   ; Rise       ; q_int[20]            ;
; -0.500 ; 0.500        ; 1.000          ; Low Pulse Width  ; clk   ; Rise       ; q_int[20]            ;
; -0.500 ; 0.500        ; 1.000          ; High Pulse Width ; clk   ; Rise       ; q_int[21]            ;
; -0.500 ; 0.500        ; 1.000          ; Low Pulse Width  ; clk   ; Rise       ; q_int[21]            ;
; -0.500 ; 0.500        ; 1.000          ; High Pulse Width ; clk   ; Rise       ; q_int[22]            ;
; -0.500 ; 0.500        ; 1.000          ; Low Pulse Width  ; clk   ; Rise       ; q_int[22]            ;
; -0.500 ; 0.500        ; 1.000          ; High Pulse Width ; clk   ; Rise       ; q_int[23]            ;
; -0.500 ; 0.500        ; 1.000          ; Low Pulse Width  ; clk   ; Rise       ; q_int[23]            ;
; -0.500 ; 0.500        ; 1.000          ; High Pulse Width ; clk   ; Rise       ; q_int[24]            ;
; -0.500 ; 0.500        ; 1.000          ; Low Pulse Width  ; clk   ; Rise       ; q_int[24]            ;
; -0.500 ; 0.500        ; 1.000          ; High Pulse Width ; clk   ; Rise       ; q_int[25]            ;
; -0.500 ; 0.500        ; 1.000          ; Low Pulse Width  ; clk   ; Rise       ; q_int[25]            ;
; -0.500 ; 0.500        ; 1.000          ; High Pulse Width ; clk   ; Rise       ; q_int[26]            ;
; -0.500 ; 0.500        ; 1.000          ; Low Pulse Width  ; clk   ; Rise       ; q_int[26]            ;
; -0.500 ; 0.500        ; 1.000          ; High Pulse Width ; clk   ; Rise       ; q_int[27]            ;
; -0.500 ; 0.500        ; 1.000          ; Low Pulse Width  ; clk   ; Rise       ; q_int[27]            ;
; -0.500 ; 0.500        ; 1.000          ; High Pulse Width ; clk   ; Rise       ; q_int[28]            ;
; -0.500 ; 0.500        ; 1.000          ; Low Pulse Width  ; clk   ; Rise       ; q_int[28]            ;
; -0.500 ; 0.500        ; 1.000          ; High Pulse Width ; clk   ; Rise       ; q_int[29]            ;
; -0.500 ; 0.500        ; 1.000          ; Low Pulse Width  ; clk   ; Rise       ; q_int[29]            ;
; -0.500 ; 0.500        ; 1.000          ; High Pulse Width ; clk   ; Rise       ; q_int[2]             ;
; -0.500 ; 0.500        ; 1.000          ; Low Pulse Width  ; clk   ; Rise       ; q_int[2]             ;
; -0.500 ; 0.500        ; 1.000          ; High Pulse Width ; clk   ; Rise       ; q_int[30]            ;
; -0.500 ; 0.500        ; 1.000          ; Low Pulse Width  ; clk   ; Rise       ; q_int[30]            ;
; -0.500 ; 0.500        ; 1.000          ; High Pulse Width ; clk   ; Rise       ; q_int[31]            ;
; -0.500 ; 0.500        ; 1.000          ; Low Pulse Width  ; clk   ; Rise       ; q_int[31]            ;
; -0.500 ; 0.500        ; 1.000          ; High Pulse Width ; clk   ; Rise       ; q_int[3]             ;
; -0.500 ; 0.500        ; 1.000          ; Low Pulse Width  ; clk   ; Rise       ; q_int[3]             ;
; -0.500 ; 0.500        ; 1.000          ; High Pulse Width ; clk   ; Rise       ; q_int[4]             ;
; -0.500 ; 0.500        ; 1.000          ; Low Pulse Width  ; clk   ; Rise       ; q_int[4]             ;
; -0.500 ; 0.500        ; 1.000          ; High Pulse Width ; clk   ; Rise       ; q_int[5]             ;
; -0.500 ; 0.500        ; 1.000          ; Low Pulse Width  ; clk   ; Rise       ; q_int[5]             ;
; -0.500 ; 0.500        ; 1.000          ; High Pulse Width ; clk   ; Rise       ; q_int[6]             ;
; -0.500 ; 0.500        ; 1.000          ; Low Pulse Width  ; clk   ; Rise       ; q_int[6]             ;
; -0.500 ; 0.500        ; 1.000          ; High Pulse Width ; clk   ; Rise       ; q_int[7]             ;
; -0.500 ; 0.500        ; 1.000          ; Low Pulse Width  ; clk   ; Rise       ; q_int[7]             ;
; -0.500 ; 0.500        ; 1.000          ; High Pulse Width ; clk   ; Rise       ; q_int[8]             ;
; -0.500 ; 0.500        ; 1.000          ; Low Pulse Width  ; clk   ; Rise       ; q_int[8]             ;
; -0.500 ; 0.500        ; 1.000          ; High Pulse Width ; clk   ; Rise       ; q_int[9]             ;
; -0.500 ; 0.500        ; 1.000          ; Low Pulse Width  ; clk   ; Rise       ; q_int[9]             ;
; 0.500  ; 0.500        ; 0.000          ; High Pulse Width ; clk   ; Rise       ; clk|combout          ;
; 0.500  ; 0.500        ; 0.000          ; Low Pulse Width  ; clk   ; Rise       ; clk|combout          ;
; 0.500  ; 0.500        ; 0.000          ; High Pulse Width ; clk   ; Rise       ; clk~clkctrl|inclk[0] ;
; 0.500  ; 0.500        ; 0.000          ; Low Pulse Width  ; clk   ; Rise       ; clk~clkctrl|inclk[0] ;
; 0.500  ; 0.500        ; 0.000          ; High Pulse Width ; clk   ; Rise       ; clk~clkctrl|outclk   ;
; 0.500  ; 0.500        ; 0.000          ; Low Pulse Width  ; clk   ; Rise       ; clk~clkctrl|outclk   ;
; 0.500  ; 0.500        ; 0.000          ; High Pulse Width ; clk   ; Rise       ; q_int[0]|clk         ;
; 0.500  ; 0.500        ; 0.000          ; Low Pulse Width  ; clk   ; Rise       ; q_int[0]|clk         ;
; 0.500  ; 0.500        ; 0.000          ; High Pulse Width ; clk   ; Rise       ; q_int[10]|clk        ;
; 0.500  ; 0.500        ; 0.000          ; Low Pulse Width  ; clk   ; Rise       ; q_int[10]|clk        ;
; 0.500  ; 0.500        ; 0.000          ; High Pulse Width ; clk   ; Rise       ; q_int[11]|clk        ;
; 0.500  ; 0.500        ; 0.000          ; Low Pulse Width  ; clk   ; Rise       ; q_int[11]|clk        ;
; 0.500  ; 0.500        ; 0.000          ; High Pulse Width ; clk   ; Rise       ; q_int[12]|clk        ;
; 0.500  ; 0.500        ; 0.000          ; Low Pulse Width  ; clk   ; Rise       ; q_int[12]|clk        ;
; 0.500  ; 0.500        ; 0.000          ; High Pulse Width ; clk   ; Rise       ; q_int[13]|clk        ;
; 0.500  ; 0.500        ; 0.000          ; Low Pulse Width  ; clk   ; Rise       ; q_int[13]|clk        ;
; 0.500  ; 0.500        ; 0.000          ; High Pulse Width ; clk   ; Rise       ; q_int[14]|clk        ;
; 0.500  ; 0.500        ; 0.000          ; Low Pulse Width  ; clk   ; Rise       ; q_int[14]|clk        ;
; 0.500  ; 0.500        ; 0.000          ; High Pulse Width ; clk   ; Rise       ; q_int[15]|clk        ;
; 0.500  ; 0.500        ; 0.000          ; Low Pulse Width  ; clk   ; Rise       ; q_int[15]|clk        ;
; 0.500  ; 0.500        ; 0.000          ; High Pulse Width ; clk   ; Rise       ; q_int[16]|clk        ;
; 0.500  ; 0.500        ; 0.000          ; Low Pulse Width  ; clk   ; Rise       ; q_int[16]|clk        ;
; 0.500  ; 0.500        ; 0.000          ; High Pulse Width ; clk   ; Rise       ; q_int[17]|clk        ;
; 0.500  ; 0.500        ; 0.000          ; Low Pulse Width  ; clk   ; Rise       ; q_int[17]|clk        ;
; 0.500  ; 0.500        ; 0.000          ; High Pulse Width ; clk   ; Rise       ; q_int[18]|clk        ;
; 0.500  ; 0.500        ; 0.000          ; Low Pulse Width  ; clk   ; Rise       ; q_int[18]|clk        ;
; 0.500  ; 0.500        ; 0.000          ; High Pulse Width ; clk   ; Rise       ; q_int[19]|clk        ;
; 0.500  ; 0.500        ; 0.000          ; Low Pulse Width  ; clk   ; Rise       ; q_int[19]|clk        ;
; 0.500  ; 0.500        ; 0.000          ; High Pulse Width ; clk   ; Rise       ; q_int[1]|clk         ;
; 0.500  ; 0.500        ; 0.000          ; Low Pulse Width  ; clk   ; Rise       ; q_int[1]|clk         ;
; 0.500  ; 0.500        ; 0.000          ; High Pulse Width ; clk   ; Rise       ; q_int[20]|clk        ;
; 0.500  ; 0.500        ; 0.000          ; Low Pulse Width  ; clk   ; Rise       ; q_int[20]|clk        ;
; 0.500  ; 0.500        ; 0.000          ; High Pulse Width ; clk   ; Rise       ; q_int[21]|clk        ;
; 0.500  ; 0.500        ; 0.000          ; Low Pulse Width  ; clk   ; Rise       ; q_int[21]|clk        ;
; 0.500  ; 0.500        ; 0.000          ; High Pulse Width ; clk   ; Rise       ; q_int[22]|clk        ;
+--------+--------------+----------------+------------------+-------+------------+----------------------+


+-------------------------------------------------------------------------+
; Setup Times                                                             ;
+-----------+------------+--------+--------+------------+-----------------+
; Data Port ; Clock Port ; Rise   ; Fall   ; Clock Edge ; Clock Reference ;
+-----------+------------+--------+--------+------------+-----------------+
; enable    ; clk        ; -0.614 ; -0.614 ; Rise       ; clk             ;
+-----------+------------+--------+--------+------------+-----------------+


+-----------------------------------------------------------------------+
; Hold Times                                                            ;
+-----------+------------+-------+-------+------------+-----------------+
; Data Port ; Clock Port ; Rise  ; Fall  ; Clock Edge ; Clock Reference ;
+-----------+------------+-------+-------+------------+-----------------+
; enable    ; clk        ; 1.005 ; 1.005 ; Rise       ; clk             ;
+-----------+------------+-------+-------+------------+-----------------+


+-----------------------------------------------------------------------+
; Clock to Output Times                                                 ;
+-----------+------------+-------+-------+------------+-----------------+
; Data Port ; Clock Port ; Rise  ; Fall  ; Clock Edge ; Clock Reference ;
+-----------+------------+-------+-------+------------+-----------------+
; HEX0[*]   ; clk        ; 5.647 ; 5.647 ; Rise       ; clk             ;
;  HEX0[0]  ; clk        ; 5.469 ; 5.469 ; Rise       ; clk             ;
;  HEX0[1]  ; clk        ; 5.496 ; 5.496 ; Rise       ; clk             ;
;  HEX0[2]  ; clk        ; 5.584 ; 5.584 ; Rise       ; clk             ;
;  HEX0[3]  ; clk        ; 5.634 ; 5.634 ; Rise       ; clk             ;
;  HEX0[4]  ; clk        ; 5.643 ; 5.643 ; Rise       ; clk             ;
;  HEX0[5]  ; clk        ; 5.647 ; 5.647 ; Rise       ; clk             ;
;  HEX0[6]  ; clk        ; 5.645 ; 5.645 ; Rise       ; clk             ;
; HEX1[*]   ; clk        ; 5.884 ; 5.884 ; Rise       ; clk             ;
;  HEX1[0]  ; clk        ; 5.876 ; 5.876 ; Rise       ; clk             ;
;  HEX1[1]  ; clk        ; 5.710 ; 5.710 ; Rise       ; clk             ;
;  HEX1[2]  ; clk        ; 5.711 ; 5.711 ; Rise       ; clk             ;
;  HEX1[3]  ; clk        ; 5.726 ; 5.726 ; Rise       ; clk             ;
;  HEX1[4]  ; clk        ; 5.736 ; 5.736 ; Rise       ; clk             ;
;  HEX1[5]  ; clk        ; 5.884 ; 5.884 ; Rise       ; clk             ;
;  HEX1[6]  ; clk        ; 5.824 ; 5.824 ; Rise       ; clk             ;
; q[*]      ; clk        ; 4.921 ; 4.921 ; Rise       ; clk             ;
;  q[0]     ; clk        ; 4.006 ; 4.006 ; Rise       ; clk             ;
;  q[1]     ; clk        ; 3.927 ; 3.927 ; Rise       ; clk             ;
;  q[2]     ; clk        ; 3.918 ; 3.918 ; Rise       ; clk             ;
;  q[3]     ; clk        ; 3.934 ; 3.934 ; Rise       ; clk             ;
;  q[4]     ; clk        ; 4.054 ; 4.054 ; Rise       ; clk             ;
;  q[5]     ; clk        ; 4.921 ; 4.921 ; Rise       ; clk             ;
;  q[6]     ; clk        ; 3.947 ; 3.947 ; Rise       ; clk             ;
;  q[7]     ; clk        ; 3.931 ; 3.931 ; Rise       ; clk             ;
+-----------+------------+-------+-------+------------+-----------------+


+-----------------------------------------------------------------------+
; Minimum Clock to Output Times                                         ;
+-----------+------------+-------+-------+------------+-----------------+
; Data Port ; Clock Port ; Rise  ; Fall  ; Clock Edge ; Clock Reference ;
+-----------+------------+-------+-------+------------+-----------------+
; HEX0[*]   ; clk        ; 4.995 ; 4.995 ; Rise       ; clk             ;
;  HEX0[0]  ; clk        ; 4.995 ; 4.995 ; Rise       ; clk             ;
;  HEX0[1]  ; clk        ; 5.022 ; 5.022 ; Rise       ; clk             ;
;  HEX0[2]  ; clk        ; 5.107 ; 5.107 ; Rise       ; clk             ;
;  HEX0[3]  ; clk        ; 5.159 ; 5.159 ; Rise       ; clk             ;
;  HEX0[4]  ; clk        ; 5.169 ; 5.169 ; Rise       ; clk             ;
;  HEX0[5]  ; clk        ; 5.176 ; 5.176 ; Rise       ; clk             ;
;  HEX0[6]  ; clk        ; 5.174 ; 5.174 ; Rise       ; clk             ;
; HEX1[*]   ; clk        ; 4.876 ; 4.876 ; Rise       ; clk             ;
;  HEX1[0]  ; clk        ; 5.041 ; 5.041 ; Rise       ; clk             ;
;  HEX1[1]  ; clk        ; 4.877 ; 4.877 ; Rise       ; clk             ;
;  HEX1[2]  ; clk        ; 4.876 ; 4.876 ; Rise       ; clk             ;
;  HEX1[3]  ; clk        ; 4.885 ; 4.885 ; Rise       ; clk             ;
;  HEX1[4]  ; clk        ; 4.897 ; 4.897 ; Rise       ; clk             ;
;  HEX1[5]  ; clk        ; 5.045 ; 5.045 ; Rise       ; clk             ;
;  HEX1[6]  ; clk        ; 4.992 ; 4.992 ; Rise       ; clk             ;
; q[*]      ; clk        ; 3.918 ; 3.918 ; Rise       ; clk             ;
;  q[0]     ; clk        ; 4.006 ; 4.006 ; Rise       ; clk             ;
;  q[1]     ; clk        ; 3.927 ; 3.927 ; Rise       ; clk             ;
;  q[2]     ; clk        ; 3.918 ; 3.918 ; Rise       ; clk             ;
;  q[3]     ; clk        ; 3.934 ; 3.934 ; Rise       ; clk             ;
;  q[4]     ; clk        ; 4.054 ; 4.054 ; Rise       ; clk             ;
;  q[5]     ; clk        ; 4.921 ; 4.921 ; Rise       ; clk             ;
;  q[6]     ; clk        ; 3.947 ; 3.947 ; Rise       ; clk             ;
;  q[7]     ; clk        ; 3.931 ; 3.931 ; Rise       ; clk             ;
+-----------+------------+-------+-------+------------+-----------------+


+-------------------------------------------------------------------------------+
; Multicorner Timing Analysis Summary                                           ;
+------------------+---------+-------+----------+---------+---------------------+
; Clock            ; Setup   ; Hold  ; Recovery ; Removal ; Minimum Pulse Width ;
+------------------+---------+-------+----------+---------+---------------------+
; Worst-case Slack ; -3.494  ; 0.215 ; N/A      ; N/A     ; -1.631              ;
;  clk             ; -3.494  ; 0.215 ; N/A      ; N/A     ; -1.631              ;
; Design-wide TNS  ; -66.758 ; 0.0   ; 0.0      ; 0.0     ; -40.735             ;
;  clk             ; -66.758 ; 0.000 ; N/A      ; N/A     ; -40.735             ;
+------------------+---------+-------+----------+---------+---------------------+


+-------------------------------------------------------------------------+
; Setup Times                                                             ;
+-----------+------------+--------+--------+------------+-----------------+
; Data Port ; Clock Port ; Rise   ; Fall   ; Clock Edge ; Clock Reference ;
+-----------+------------+--------+--------+------------+-----------------+
; enable    ; clk        ; -0.368 ; -0.368 ; Rise       ; clk             ;
+-----------+------------+--------+--------+------------+-----------------+


+-----------------------------------------------------------------------+
; Hold Times                                                            ;
+-----------+------------+-------+-------+------------+-----------------+
; Data Port ; Clock Port ; Rise  ; Fall  ; Clock Edge ; Clock Reference ;
+-----------+------------+-------+-------+------------+-----------------+
; enable    ; clk        ; 1.075 ; 1.075 ; Rise       ; clk             ;
+-----------+------------+-------+-------+------------+-----------------+


+-------------------------------------------------------------------------+
; Clock to Output Times                                                   ;
+-----------+------------+--------+--------+------------+-----------------+
; Data Port ; Clock Port ; Rise   ; Fall   ; Clock Edge ; Clock Reference ;
+-----------+------------+--------+--------+------------+-----------------+
; HEX0[*]   ; clk        ; 11.759 ; 11.759 ; Rise       ; clk             ;
;  HEX0[0]  ; clk        ; 11.362 ; 11.362 ; Rise       ; clk             ;
;  HEX0[1]  ; clk        ; 11.395 ; 11.395 ; Rise       ; clk             ;
;  HEX0[2]  ; clk        ; 11.593 ; 11.593 ; Rise       ; clk             ;
;  HEX0[3]  ; clk        ; 11.739 ; 11.739 ; Rise       ; clk             ;
;  HEX0[4]  ; clk        ; 11.754 ; 11.754 ; Rise       ; clk             ;
;  HEX0[5]  ; clk        ; 11.759 ; 11.759 ; Rise       ; clk             ;
;  HEX0[6]  ; clk        ; 11.757 ; 11.757 ; Rise       ; clk             ;
; HEX1[*]   ; clk        ; 12.038 ; 12.038 ; Rise       ; clk             ;
;  HEX1[0]  ; clk        ; 11.990 ; 11.990 ; Rise       ; clk             ;
;  HEX1[1]  ; clk        ; 11.648 ; 11.648 ; Rise       ; clk             ;
;  HEX1[2]  ; clk        ; 11.648 ; 11.648 ; Rise       ; clk             ;
;  HEX1[3]  ; clk        ; 11.664 ; 11.664 ; Rise       ; clk             ;
;  HEX1[4]  ; clk        ; 11.676 ; 11.676 ; Rise       ; clk             ;
;  HEX1[5]  ; clk        ; 12.038 ; 12.038 ; Rise       ; clk             ;
;  HEX1[6]  ; clk        ; 11.914 ; 11.914 ; Rise       ; clk             ;
; q[*]      ; clk        ; 9.623  ; 9.623  ; Rise       ; clk             ;
;  q[0]     ; clk        ; 7.551  ; 7.551  ; Rise       ; clk             ;
;  q[1]     ; clk        ; 7.320  ; 7.320  ; Rise       ; clk             ;
;  q[2]     ; clk        ; 7.300  ; 7.300  ; Rise       ; clk             ;
;  q[3]     ; clk        ; 7.328  ; 7.328  ; Rise       ; clk             ;
;  q[4]     ; clk        ; 7.642  ; 7.642  ; Rise       ; clk             ;
;  q[5]     ; clk        ; 9.623  ; 9.623  ; Rise       ; clk             ;
;  q[6]     ; clk        ; 7.335  ; 7.335  ; Rise       ; clk             ;
;  q[7]     ; clk        ; 7.309  ; 7.309  ; Rise       ; clk             ;
+-----------+------------+--------+--------+------------+-----------------+


+-----------------------------------------------------------------------+
; Minimum Clock to Output Times                                         ;
+-----------+------------+-------+-------+------------+-----------------+
; Data Port ; Clock Port ; Rise  ; Fall  ; Clock Edge ; Clock Reference ;
+-----------+------------+-------+-------+------------+-----------------+
; HEX0[*]   ; clk        ; 4.995 ; 4.995 ; Rise       ; clk             ;
;  HEX0[0]  ; clk        ; 4.995 ; 4.995 ; Rise       ; clk             ;
;  HEX0[1]  ; clk        ; 5.022 ; 5.022 ; Rise       ; clk             ;
;  HEX0[2]  ; clk        ; 5.107 ; 5.107 ; Rise       ; clk             ;
;  HEX0[3]  ; clk        ; 5.159 ; 5.159 ; Rise       ; clk             ;
;  HEX0[4]  ; clk        ; 5.169 ; 5.169 ; Rise       ; clk             ;
;  HEX0[5]  ; clk        ; 5.176 ; 5.176 ; Rise       ; clk             ;
;  HEX0[6]  ; clk        ; 5.174 ; 5.174 ; Rise       ; clk             ;
; HEX1[*]   ; clk        ; 4.876 ; 4.876 ; Rise       ; clk             ;
;  HEX1[0]  ; clk        ; 5.041 ; 5.041 ; Rise       ; clk             ;
;  HEX1[1]  ; clk        ; 4.877 ; 4.877 ; Rise       ; clk             ;
;  HEX1[2]  ; clk        ; 4.876 ; 4.876 ; Rise       ; clk             ;
;  HEX1[3]  ; clk        ; 4.885 ; 4.885 ; Rise       ; clk             ;
;  HEX1[4]  ; clk        ; 4.897 ; 4.897 ; Rise       ; clk             ;
;  HEX1[5]  ; clk        ; 5.045 ; 5.045 ; Rise       ; clk             ;
;  HEX1[6]  ; clk        ; 4.992 ; 4.992 ; Rise       ; clk             ;
; q[*]      ; clk        ; 3.918 ; 3.918 ; Rise       ; clk             ;
;  q[0]     ; clk        ; 4.006 ; 4.006 ; Rise       ; clk             ;
;  q[1]     ; clk        ; 3.927 ; 3.927 ; Rise       ; clk             ;
;  q[2]     ; clk        ; 3.918 ; 3.918 ; Rise       ; clk             ;
;  q[3]     ; clk        ; 3.934 ; 3.934 ; Rise       ; clk             ;
;  q[4]     ; clk        ; 4.054 ; 4.054 ; Rise       ; clk             ;
;  q[5]     ; clk        ; 4.921 ; 4.921 ; Rise       ; clk             ;
;  q[6]     ; clk        ; 3.947 ; 3.947 ; Rise       ; clk             ;
;  q[7]     ; clk        ; 3.931 ; 3.931 ; Rise       ; clk             ;
+-----------+------------+-------+-------+------------+-----------------+


+-------------------------------------------------------------------+
; Setup Transfers                                                   ;
+------------+----------+----------+----------+----------+----------+
; From Clock ; To Clock ; RR Paths ; FR Paths ; RF Paths ; FF Paths ;
+------------+----------+----------+----------+----------+----------+
; clk        ; clk      ; 528      ; 0        ; 0        ; 0        ;
+------------+----------+----------+----------+----------+----------+
Entries labeled "false path" only account for clock-to-clock false paths and not path-based false paths. As a result, actual path counts may be lower than reported.


+-------------------------------------------------------------------+
; Hold Transfers                                                    ;
+------------+----------+----------+----------+----------+----------+
; From Clock ; To Clock ; RR Paths ; FR Paths ; RF Paths ; FF Paths ;
+------------+----------+----------+----------+----------+----------+
; clk        ; clk      ; 528      ; 0        ; 0        ; 0        ;
+------------+----------+----------+----------+----------+----------+
Entries labeled "false path" only account for clock-to-clock false paths and not path-based false paths. As a result, actual path counts may be lower than reported.


---------------
; Report TCCS ;
---------------
No dedicated SERDES Transmitter circuitry present in device or used in design


---------------
; Report RSKM ;
---------------
No dedicated SERDES Receiver circuitry present in device or used in design


+------------------------------------------------+
; Unconstrained Paths                            ;
+---------------------------------+-------+------+
; Property                        ; Setup ; Hold ;
+---------------------------------+-------+------+
; Illegal Clocks                  ; 0     ; 0    ;
; Unconstrained Clocks            ; 0     ; 0    ;
; Unconstrained Input Ports       ; 1     ; 1    ;
; Unconstrained Input Port Paths  ; 32    ; 32   ;
; Unconstrained Output Ports      ; 22    ; 22   ;
; Unconstrained Output Port Paths ; 64    ; 64   ;
+---------------------------------+-------+------+


+------------------------------------+
; TimeQuest Timing Analyzer Messages ;
+------------------------------------+
Info: *******************************************************************
Info: Running Quartus II 64-Bit TimeQuest Timing Analyzer
    Info: Version 12.1 Build 177 11/07/2012 SJ Web Edition
    Info: Processing started: Sun May 06 14:04:42 2018
Info: Command: quartus_sta Counter -c Counter
Info: qsta_default_script.tcl version: #1
Info (11104): Parallel Compilation has detected 4 hyper-threaded processors. However, the extra hyper-threaded processors will not be used by default. Parallel Compilation will use 2 of the 2 physical processors detected instead.
Info (21077): Low junction temperature is 0 degrees C
Info (21077): High junction temperature is 85 degrees C
Info (332104): Reading SDC File: 'SDC1.sdc'
Info: Found TIMEQUEST_REPORT_SCRIPT_INCLUDE_DEFAULT_ANALYSIS = ON
Info: Analyzing Slow Model
Critical Warning (332148): Timing requirements not met
Info (332146): Worst-case setup slack is -3.494
    Info (332119):     Slack End Point TNS Clock 
    Info (332119): ========= ============= =====================
    Info (332119):    -3.494       -66.758 clk 
Info (332146): Worst-case hold slack is 0.445
    Info (332119):     Slack End Point TNS Clock 
    Info (332119): ========= ============= =====================
    Info (332119):     0.445         0.000 clk 
Info (332140): No Recovery paths to report
Info (332140): No Removal paths to report
Info (332146): Worst-case minimum pulse width slack is -1.631
    Info (332119):     Slack End Point TNS Clock 
    Info (332119): ========= ============= =====================
    Info (332119):    -1.631       -40.735 clk 
Info (332001): The selected device family is not supported by the report_metastability command.
Info: Analyzing Fast Model
Critical Warning (332148): Timing requirements not met
Info (332146): Worst-case setup slack is -0.889
    Info (332119):     Slack End Point TNS Clock 
    Info (332119): ========= ============= =====================
    Info (332119):    -0.889       -10.350 clk 
Info (332146): Worst-case hold slack is 0.215
    Info (332119):     Slack End Point TNS Clock 
    Info (332119): ========= ============= =====================
    Info (332119):     0.215         0.000 clk 
Info (332140): No Recovery paths to report
Info (332140): No Removal paths to report
Info (332146): Worst-case minimum pulse width slack is -1.380
    Info (332119):     Slack End Point TNS Clock 
    Info (332119): ========= ============= =====================
    Info (332119):    -1.380       -33.380 clk 
Info (332001): The selected device family is not supported by the report_metastability command.
Info (332102): Design is not fully constrained for setup requirements
Info (332102): Design is not fully constrained for hold requirements
Info: Quartus II 64-Bit TimeQuest Timing Analyzer was successful. 0 errors, 2 warnings
    Info: Peak virtual memory: 506 megabytes
    Info: Processing ended: Sun May 06 14:04:44 2018
    Info: Elapsed time: 00:00:02
    Info: Total CPU time (on all processors): 00:00:02


