Flow report for Counter
Sun May 06 14:04:46 2018
Quartus II 64-Bit Version 12.1 Build 177 11/07/2012 SJ Web Edition


---------------------
; Table of Contents ;
---------------------
  1. Legal Notice
  2. Flow Summary
  3. Flow Settings
  4. Flow Non-Default Global Settings
  5. Flow Elapsed Time
  6. Flow OS Summary
  7. Flow Log



----------------
; Legal Notice ;
----------------
Copyright (C) 1991-2012 Altera Corporation
Your use of Altera Corporation's design tools, logic functions 
and other software and tools, and its AMPP partner logic 
functions, and any output files from any of the foregoing 
(including device programming or simulation files), and any 
associated documentation or information are expressly subject 
to the terms and conditions of the Altera Program License 
Subscription Agreement, Altera MegaCore Function License 
Agreement, or other applicable license agreement, including, 
without limitation, that your use is for the sole purpose of 
programming logic devices manufactured by Altera and sold by 
Altera or its authorized distributors.  Please refer to the 
applicable agreement for further details.



+-------------------------------------------------------------------------------+
; Flow Summary                                                                  ;
+------------------------------------+------------------------------------------+
; Flow Status                        ; Successful - Sun May 06 14:04:46 2018    ;
; Quartus II 64-Bit Version          ; 12.1 Build 177 11/07/2012 SJ Web Edition ;
; Revision Name                      ; Counter                                  ;
; Top-level Entity Name              ; counter                                  ;
; Family                             ; Cyclone II                               ;
; Device                             ; EP2C20F484C7                             ;
; Timing Models                      ; Final                                    ;
; Total logic elements               ; 46 / 18,752 ( < 1 % )                    ;
;     Total combinational functions  ; 46 / 18,752 ( < 1 % )                    ;
;     Dedicated logic registers      ; 32 / 18,752 ( < 1 % )                    ;
; Total registers                    ; 32                                       ;
; Total pins                         ; 24 / 315 ( 8 % )                         ;
; Total virtual pins                 ; 0                                        ;
; Total memory bits                  ; 0 / 239,616 ( 0 % )                      ;
; Embedded Multiplier 9-bit elements ; 0 / 52 ( 0 % )                           ;
; Total PLLs                         ; 0 / 4 ( 0 % )                            ;
+------------------------------------+------------------------------------------+


+-----------------------------------------+
; Flow Settings                           ;
+-------------------+---------------------+
; Option            ; Setting             ;
+-------------------+---------------------+
; Start date & time ; 05/06/2018 14:04:29 ;
; Main task         ; Compilation         ;
; Revision Name     ; Counter             ;
+-------------------+---------------------+


+-----------------------------------------------------------------------------------------------------------------------------+
; Flow Non-Default Global Settings                                                                                            ;
+--------------------------------------+---------------------------------------+---------------+-------------+----------------+
; Assignment Name                      ; Value                                 ; Default Value ; Entity Name ; Section Id     ;
+--------------------------------------+---------------------------------------+---------------+-------------+----------------+
; COMPILER_SIGNATURE_ID                ; 216075653666082.152560466927864       ; --            ; --          ; --             ;
; EDA_DESIGN_INSTANCE_NAME             ; NA                                    ; --            ; --          ; test_counter   ;
; EDA_NATIVELINK_SIMULATION_TEST_BENCH ; test_counter                          ; --            ; --          ; eda_simulation ;
; EDA_OUTPUT_DATA_FORMAT               ; Vhdl                                  ; --            ; --          ; eda_simulation ;
; EDA_SIMULATION_TOOL                  ; ModelSim-Altera (VHDL)                ; <None>        ; --          ; --             ;
; EDA_TEST_BENCH_ENABLE_STATUS         ; TEST_BENCH_MODE                       ; --            ; --          ; eda_simulation ;
; EDA_TEST_BENCH_FILE                  ; Code - ModelSim/sample_package.vhd    ; --            ; --          ; test_counter   ;
; EDA_TEST_BENCH_FILE                  ; Code - ModelSim/test_counter.vhd      ; --            ; --          ; test_counter   ;
; EDA_TEST_BENCH_MODULE_NAME           ; test_counter                          ; --            ; --          ; test_counter   ;
; EDA_TEST_BENCH_NAME                  ; test_counter                          ; --            ; --          ; eda_simulation ;
; ENABLE_SIGNALTAP                     ; Off                                   ; --            ; --          ; --             ;
; MAX_CORE_JUNCTION_TEMP               ; 85                                    ; --            ; --          ; --             ;
; MIN_CORE_JUNCTION_TEMP               ; 0                                     ; --            ; --          ; --             ;
; PARTITION_COLOR                      ; 16764057                              ; --            ; --          ; Top            ;
; PARTITION_FITTER_PRESERVATION_LEVEL  ; PLACEMENT_AND_ROUTING                 ; --            ; --          ; Top            ;
; PARTITION_NETLIST_TYPE               ; SOURCE                                ; --            ; --          ; Top            ;
; POWER_BOARD_THERMAL_MODEL            ; None (CONSERVATIVE)                   ; --            ; --          ; --             ;
; POWER_PRESET_COOLING_SOLUTION        ; 23 MM HEAT SINK WITH 200 LFPM AIRFLOW ; --            ; --          ; --             ;
; PROJECT_OUTPUT_DIRECTORY             ; output_files                          ; --            ; --          ; --             ;
; USE_SIGNALTAP_FILE                   ; stp1.stp                              ; --            ; --          ; --             ;
+--------------------------------------+---------------------------------------+---------------+-------------+----------------+


+-------------------------------------------------------------------------------------------------------------------------------+
; Flow Elapsed Time                                                                                                             ;
+---------------------------+--------------+-------------------------+---------------------+------------------------------------+
; Module Name               ; Elapsed Time ; Average Processors Used ; Peak Virtual Memory ; Total CPU Time (on all processors) ;
+---------------------------+--------------+-------------------------+---------------------+------------------------------------+
; Analysis & Synthesis      ; 00:00:02     ; 1.0                     ; 550 MB              ; 00:00:02                           ;
; Fitter                    ; 00:00:05     ; 1.3                     ; 666 MB              ; 00:00:06                           ;
; Assembler                 ; 00:00:02     ; 1.0                     ; 494 MB              ; 00:00:02                           ;
; TimeQuest Timing Analyzer ; 00:00:02     ; 1.0                     ; 506 MB              ; 00:00:02                           ;
; EDA Netlist Writer        ; 00:00:01     ; 1.0                     ; 445 MB              ; 00:00:01                           ;
; Total                     ; 00:00:12     ; --                      ; --                  ; 00:00:13                           ;
+---------------------------+--------------+-------------------------+---------------------+------------------------------------+


+----------------------------------------------------------------------------------------+
; Flow OS Summary                                                                        ;
+---------------------------+------------------+-----------+------------+----------------+
; Module Name               ; Machine Hostname ; OS Name   ; OS Version ; Processor type ;
+---------------------------+------------------+-----------+------------+----------------+
; Analysis & Synthesis      ; ASUS             ; Windows 7 ; 6.2        ; x86_64         ;
; Fitter                    ; ASUS             ; Windows 7 ; 6.2        ; x86_64         ;
; Assembler                 ; ASUS             ; Windows 7 ; 6.2        ; x86_64         ;
; TimeQuest Timing Analyzer ; ASUS             ; Windows 7 ; 6.2        ; x86_64         ;
; EDA Netlist Writer        ; ASUS             ; Windows 7 ; 6.2        ; x86_64         ;
+---------------------------+------------------+-----------+------------+----------------+


------------
; Flow Log ;
------------
quartus_map --read_settings_files=on --write_settings_files=off Counter -c Counter
quartus_fit --read_settings_files=off --write_settings_files=off Counter -c Counter
quartus_asm --read_settings_files=off --write_settings_files=off Counter -c Counter
quartus_sta Counter -c Counter
quartus_eda --read_settings_files=off --write_settings_files=off Counter -c Counter



